=== GAP (meta/tests/test-gap.sh) at 2019-09-19 07:26
 ┌───────┐   GAP 4.10dev-2280-g38fbd9f of today
 │  GAP  │   https://www.gap-system.org
 └───────┘   Architecture: x86_64-pc-linux-gnu-julia64-kv7
 Configuration:  gmp 6.1.2, Julia GC, Julia 1.1.2-pre, readline
 Loading the library and packages ...
 Packages:   AClib 1.3.1, Alnuth 3.1.1, AtlasRep 2.1.0, AutoDoc 2019.09.04, 
             AutPGrp 1.10.1, Browse 1.8.8, Carat 2.2.3, CRISP 1.4.4, 
             Cryst 4.1.20, CrystCat 1.1.9, CTblLib 1.2.2, FactInt 1.6.2, 
             FGA 1.4.0, Forms 1.2.5, GAPDoc 1.6.3, genss 1.6.6, IO 4.7.0, 
             IRREDSOL 1.4, LAGUNA 3.9.3, orb 4.8.2, Polenta 1.3.8, 
             Polycyclic 2.14, PrimGrp 3.3.2, RadiRoot 2.8, recog 1.3.2, 
             ResClasses 4.7.2, SmallGrp 1.3, Sophus 1.24, SpinSym 1.5.1, 
             TomLib 1.2.8, TransGrp 2.0.4, utils 0.67
 Try '??help' for help. See also '?copyright', '?cite' and '?authors'
You should start GAP4 using `gap -A -x 80 -r -m 100m -o 1g -K 2g'.

Architecture: x86_64-pc-linux-gnu-julia64-kv7

testing: /var/jenkins_home/workspace/oscar/gap/tst/testinstall/ConjNatSym.tst
      80 ms (0 ms GC) and 24.2MB allocated for ConjNatSym.tst
testing: /var/jenkins_home/workspace/oscar/gap/tst/testinstall/DirectProductEl\
ement.tst
     549 ms (542 ms GC) and 797KB allocated for DirectProductElement.tst
testing: /var/jenkins_home/workspace/oscar/gap/tst/testinstall/ElmsBlist.tst
     365 ms (346 ms GC) and 4.33MB allocated for ElmsBlist.tst
testing: /var/jenkins_home/workspace/oscar/gap/tst/testinstall/MatrixObj/Conca\
tenationOfVectors.tst
     281 ms (276 ms GC) and 881KB allocated for MatrixObj/ConcatenationOfVecto\
rs.tst
testing: /var/jenkins_home/workspace/oscar/gap/tst/testinstall/MatrixObj/CopyS\
ubVector.tst
     277 ms (276 ms GC) and 56.5KB allocated for MatrixObj/CopySubVector.tst
testing: /var/jenkins_home/workspace/oscar/gap/tst/testinstall/MatrixObj/Dista\
nceOfVectors.tst
     277 ms (276 ms GC) and 68.5KB allocated for MatrixObj/DistanceOfVectors.t\
st
testing: /var/jenkins_home/workspace/oscar/gap/tst/testinstall/MatrixObj/Extra\
ctSubvector.tst
     275 ms (275 ms GC) and 44.2KB allocated for MatrixObj/ExtractSubvector.ts\
t
testing: /var/jenkins_home/workspace/oscar/gap/tst/testinstall/MatrixObj/Ident\
ityMatrix.tst
     288 ms (275 ms GC) and 1.81MB allocated for MatrixObj/IdentityMatrix.tst
testing: /var/jenkins_home/workspace/oscar/gap/tst/testinstall/MatrixObj/ListO\
p.tst
     282 ms (280 ms GC) and 81.4KB allocated for MatrixObj/ListOp.tst
testing: /var/jenkins_home/workspace/oscar/gap/tst/testinstall/MatrixObj/Matri\
x.tst
     278 ms (277 ms GC) and 121KB allocated for MatrixObj/Matrix.tst
testing: /var/jenkins_home/workspace/oscar/gap/tst/testinstall/MatrixObj/Posit\
ionNonZero.tst
     276 ms (274 ms GC) and 85.5KB allocated for MatrixObj/PositionNonZero.tst
testing: /var/jenkins_home/workspace/oscar/gap/tst/testinstall/MatrixObj/Rando\
mize.tst
     279 ms (275 ms GC) and 443KB allocated for MatrixObj/Randomize.tst
testing: /var/jenkins_home/workspace/oscar/gap/tst/testinstall/MatrixObj/Trace\
Mat.tst
     279 ms (276 ms GC) and 807KB allocated for MatrixObj/TraceMat.tst
testing: /var/jenkins_home/workspace/oscar/gap/tst/testinstall/MatrixObj/Unpac\
k.tst
     277 ms (277 ms GC) and 62.2KB allocated for MatrixObj/Unpack.tst
testing: /var/jenkins_home/workspace/oscar/gap/tst/testinstall/MatrixObj/Weigh\
tOfVector.tst
     276 ms (275 ms GC) and 68.3KB allocated for MatrixObj/WeightOfVector.tst
testing: /var/jenkins_home/workspace/oscar/gap/tst/testinstall/MatrixObj/ZeroV\
ector.tst
     277 ms (276 ms GC) and 58.6KB allocated for MatrixObj/ZeroVector.tst
testing: /var/jenkins_home/workspace/oscar/gap/tst/testinstall/alghom.tst
     308 ms (276 ms GC) and 3.56MB allocated for alghom.tst
testing: /var/jenkins_home/workspace/oscar/gap/tst/testinstall/algmat.tst
    1623 ms (356 ms GC) and 222MB allocated for algmat.tst
testing: /var/jenkins_home/workspace/oscar/gap/tst/testinstall/algrep.tst
    1989 ms (442 ms GC) and 250MB allocated for algrep.tst
testing: /var/jenkins_home/workspace/oscar/gap/tst/testinstall/algsc.tst
     690 ms (314 ms GC) and 31.2MB allocated for algsc.tst
testing: /var/jenkins_home/workspace/oscar/gap/tst/testinstall/associate.tst
    1146 ms (335 ms GC) and 95.3MB allocated for associate.tst
testing: /var/jenkins_home/workspace/oscar/gap/tst/testinstall/attribute.tst
     290 ms (287 ms GC) and 363KB allocated for attribute.tst
testing: /var/jenkins_home/workspace/oscar/gap/tst/testinstall/auto.tst
       0 ms (0 ms GC) and 66.6KB allocated for auto.tst
testing: /var/jenkins_home/workspace/oscar/gap/tst/testinstall/bitfields.tst
     288 ms (285 ms GC) and 191KB allocated for bitfields.tst
testing: /var/jenkins_home/workspace/oscar/gap/tst/testinstall/boolean.tst
     287 ms (285 ms GC) and 367KB allocated for boolean.tst
testing: /var/jenkins_home/workspace/oscar/gap/tst/testinstall/bound.tst
     284 ms (284 ms GC) and 199KB allocated for bound.tst
testing: /var/jenkins_home/workspace/oscar/gap/tst/testinstall/break.tst
     286 ms (284 ms GC) and 322KB allocated for break.tst
testing: /var/jenkins_home/workspace/oscar/gap/tst/testinstall/callfunc.tst
     296 ms (284 ms GC) and 1.68MB allocated for callfunc.tst
testing: /var/jenkins_home/workspace/oscar/gap/tst/testinstall/coder.tst
     287 ms (284 ms GC) and 543KB allocated for coder.tst
testing: /var/jenkins_home/workspace/oscar/gap/tst/testinstall/coding.tst
     289 ms (288 ms GC) and 290KB allocated for coding.tst
testing: /var/jenkins_home/workspace/oscar/gap/tst/testinstall/coll.tst
     306 ms (288 ms GC) and 3.40MB allocated for coll.tst
testing: /var/jenkins_home/workspace/oscar/gap/tst/testinstall/combinat.tst
     362 ms (296 ms GC) and 15.7MB allocated for combinat.tst
testing: /var/jenkins_home/workspace/oscar/gap/tst/testinstall/constant.tst
       2 ms (0 ms GC) and 279KB allocated for constant.tst
testing: /var/jenkins_home/workspace/oscar/gap/tst/testinstall/constructor.tst
       0 ms (0 ms GC) and 72.1KB allocated for constructor.tst
testing: /var/jenkins_home/workspace/oscar/gap/tst/testinstall/ctbl.tst
     459 ms (300 ms GC) and 20.1MB allocated for ctbl.tst
testing: /var/jenkins_home/workspace/oscar/gap/tst/testinstall/ctblfuns.tst
     512 ms (317 ms GC) and 31.8MB allocated for ctblfuns.tst
testing: /var/jenkins_home/workspace/oscar/gap/tst/testinstall/ctblmoli.tst
    1228 ms (378 ms GC) and 88.6MB allocated for ctblmoli.tst
testing: /var/jenkins_home/workspace/oscar/gap/tst/testinstall/ctblmono.tst
    3263 ms (648 ms GC) and 336MB allocated for ctblmono.tst
testing: /var/jenkins_home/workspace/oscar/gap/tst/testinstall/ctblsolv.tst
     537 ms (334 ms GC) and 27.5MB allocated for ctblsolv.tst
testing: /var/jenkins_home/workspace/oscar/gap/tst/testinstall/cyclotom.tst
     623 ms (324 ms GC) and 12.1MB allocated for cyclotom.tst
testing: /var/jenkins_home/workspace/oscar/gap/tst/testinstall/depth.tst
     313 ms (312 ms GC) and 81.5KB allocated for depth.tst
testing: /var/jenkins_home/workspace/oscar/gap/tst/testinstall/dict.tst
     317 ms (313 ms GC) and 215KB allocated for dict.tst
testing: /var/jenkins_home/workspace/oscar/gap/tst/testinstall/dir.tst
     314 ms (313 ms GC) and 94.3KB allocated for dir.tst
testing: /var/jenkins_home/workspace/oscar/gap/tst/testinstall/domain.tst
     313 ms (313 ms GC) and 134KB allocated for domain.tst
testing: /var/jenkins_home/workspace/oscar/gap/tst/testinstall/dt.tst
     810 ms (347 ms GC) and 58.4MB allocated for dt.tst
testing: /var/jenkins_home/workspace/oscar/gap/tst/testinstall/eigen.tst
     315 ms (311 ms GC) and 163KB allocated for eigen.tst
testing: /var/jenkins_home/workspace/oscar/gap/tst/testinstall/error.tst
       0 ms (0 ms GC) and 63.8KB allocated for error.tst
testing: /var/jenkins_home/workspace/oscar/gap/tst/testinstall/euclidean.tst
    2393 ms (412 ms GC) and 85.0MB allocated for euclidean.tst
testing: /var/jenkins_home/workspace/oscar/gap/tst/testinstall/ffe.tst
    2016 ms (348 ms GC) and 32.1MB allocated for ffe.tst
testing: /var/jenkins_home/workspace/oscar/gap/tst/testinstall/ffeconway.tst
     679 ms (344 ms GC) and 13.2MB allocated for ffeconway.tst
testing: /var/jenkins_home/workspace/oscar/gap/tst/testinstall/files/files.tst
     349 ms (325 ms GC) and 1010KB allocated for files/files.tst
testing: /var/jenkins_home/workspace/oscar/gap/tst/testinstall/fldabnum.tst
     377 ms (323 ms GC) and 6.52MB allocated for fldabnum.tst
testing: /var/jenkins_home/workspace/oscar/gap/tst/testinstall/float.tst
     336 ms (325 ms GC) and 1.40MB allocated for float.tst
testing: /var/jenkins_home/workspace/oscar/gap/tst/testinstall/flush.tst
     325 ms (324 ms GC) and 103KB allocated for flush.tst
testing: /var/jenkins_home/workspace/oscar/gap/tst/testinstall/format.tst
     329 ms (324 ms GC) and 252KB allocated for format.tst
testing: /var/jenkins_home/workspace/oscar/gap/tst/testinstall/fpmon.tst
     330 ms (324 ms GC) and 754KB allocated for fpmon.tst
testing: /var/jenkins_home/workspace/oscar/gap/tst/testinstall/function.tst
     328 ms (324 ms GC) and 661KB allocated for function.tst
testing: /var/jenkins_home/workspace/oscar/gap/tst/testinstall/gaussian.tst
     326 ms (324 ms GC) and 162KB allocated for gaussian.tst
testing: /var/jenkins_home/workspace/oscar/gap/tst/testinstall/gprd.tst
     327 ms (323 ms GC) and 572KB allocated for gprd.tst
testing: /var/jenkins_home/workspace/oscar/gap/tst/testinstall/gprdmat.tst
     407 ms (326 ms GC) and 8.14MB allocated for gprdmat.tst
testing: /var/jenkins_home/workspace/oscar/gap/tst/testinstall/grp/basic.tst
    1062 ms (383 ms GC) and 61.4MB allocated for grp/basic.tst
testing: /var/jenkins_home/workspace/oscar/gap/tst/testinstall/grp/clasmax.tst
      21 ms (0 ms GC) and 2.02MB allocated for grp/clasmax.tst
testing: /var/jenkins_home/workspace/oscar/gap/tst/testinstall/grp/classic-G.t\
st
    1097 ms (385 ms GC) and 83.4MB allocated for grp/classic-G.tst
testing: /var/jenkins_home/workspace/oscar/gap/tst/testinstall/grp/classic-PG.\
tst
     379 ms (331 ms GC) and 2.48MB allocated for grp/classic-PG.tst
testing: /var/jenkins_home/workspace/oscar/gap/tst/testinstall/grp/classic-PS.\
tst
     351 ms (332 ms GC) and 1.03MB allocated for grp/classic-PS.tst
testing: /var/jenkins_home/workspace/oscar/gap/tst/testinstall/grp/classic-S.t\
st
     832 ms (365 ms GC) and 46.2MB allocated for grp/classic-S.tst
testing: /var/jenkins_home/workspace/oscar/gap/tst/testinstall/grp/classic-for\
ms.tst
    1501 ms (424 ms GC) and 180MB allocated for grp/classic-forms.tst
testing: /var/jenkins_home/workspace/oscar/gap/tst/testinstall/grp/glzmodmz.ts\
t
     731 ms (354 ms GC) and 45.0MB allocated for grp/glzmodmz.tst
testing: /var/jenkins_home/workspace/oscar/gap/tst/testinstall/grp/imf.tst
       3 ms (0 ms GC) and 217KB allocated for grp/imf.tst
testing: /var/jenkins_home/workspace/oscar/gap/tst/testinstall/grp/perf.tst
    1453 ms (466 ms GC) and 125MB allocated for grp/perf.tst
testing: /var/jenkins_home/workspace/oscar/gap/tst/testinstall/grp/ree.tst
     369 ms (337 ms GC) and 2.60MB allocated for grp/ree.tst
testing: /var/jenkins_home/workspace/oscar/gap/tst/testinstall/grp/suzuki.tst
     340 ms (337 ms GC) and 219KB allocated for grp/suzuki.tst
testing: /var/jenkins_home/workspace/oscar/gap/tst/testinstall/grpfp.tst
    1972 ms (433 ms GC) and 117MB allocated for grpfp.tst
testing: /var/jenkins_home/workspace/oscar/gap/tst/testinstall/grpfree.tst
     355 ms (341 ms GC) and 1.93MB allocated for grpfree.tst
testing: /var/jenkins_home/workspace/oscar/gap/tst/testinstall/grpmat.tst
    1746 ms (475 ms GC) and 525MB allocated for grpmat.tst
testing: /var/jenkins_home/workspace/oscar/gap/tst/testinstall/grppc.tst
     604 ms (364 ms GC) and 29.7MB allocated for grppc.tst
testing: /var/jenkins_home/workspace/oscar/gap/tst/testinstall/grpperm.tst
    8204 ms (1389 ms GC) and 950MB allocated for grpperm.tst
testing: /var/jenkins_home/workspace/oscar/gap/tst/testinstall/hashkeybag.tst
     395 ms (394 ms GC) and 89.2KB allocated for hashkeybag.tst
testing: /var/jenkins_home/workspace/oscar/gap/tst/testinstall/help.tst
       0 ms (0 ms GC) and 62.7KB allocated for help.tst
testing: /var/jenkins_home/workspace/oscar/gap/tst/testinstall/hpc/atomic_basi\
c.tst
     376 ms (374 ms GC) and 252KB allocated for hpc/atomic_basic.tst
testing: /var/jenkins_home/workspace/oscar/gap/tst/testinstall/hpc/atomic_comp\
are.tst
#I  Test: File does not contain any tests!
       0 ms (0 ms GC) and 77.8KB allocated for hpc/atomic_compare.tst
testing: /var/jenkins_home/workspace/oscar/gap/tst/testinstall/hpc/atomic_list\
.tst
     380 ms (377 ms GC) and 258KB allocated for hpc/atomic_list.tst
testing: /var/jenkins_home/workspace/oscar/gap/tst/testinstall/hpc/atomic_list\
_hpc.tst
#I  Test: File does not contain any tests!
       0 ms (0 ms GC) and 42.0KB allocated for hpc/atomic_list_hpc.tst
testing: /var/jenkins_home/workspace/oscar/gap/tst/testinstall/hpc/channels.ts\
t
#I  Test: File does not contain any tests!
       0 ms (0 ms GC) and 35.6KB allocated for hpc/channels.tst
testing: /var/jenkins_home/workspace/oscar/gap/tst/testinstall/hpc/comprvec.ts\
t
#I  Test: File does not contain any tests!
       1 ms (0 ms GC) and 50.1KB allocated for hpc/comprvec.tst
testing: /var/jenkins_home/workspace/oscar/gap/tst/testinstall/hpc/demo.tst
#I  Test: File does not contain any tests!
       0 ms (0 ms GC) and 12.4KB allocated for hpc/demo.tst
testing: /var/jenkins_home/workspace/oscar/gap/tst/testinstall/hpc/fix-coverag\
e.tst
#I  Test: File does not contain any tests!
       0 ms (0 ms GC) and 17.6KB allocated for hpc/fix-coverage.tst
testing: /var/jenkins_home/workspace/oscar/gap/tst/testinstall/hpc/queue.tst
#I  Test: File does not contain any tests!
       0 ms (0 ms GC) and 60.3KB allocated for hpc/queue.tst
testing: /var/jenkins_home/workspace/oscar/gap/tst/testinstall/hpc/serialize.t\
st
#I  Test: File does not contain any tests!
       0 ms (0 ms GC) and 105KB allocated for hpc/serialize.tst
testing: /var/jenkins_home/workspace/oscar/gap/tst/testinstall/hpc/stdtasks.ts\
t
#I  Test: File does not contain any tests!
       0 ms (0 ms GC) and 50.1KB allocated for hpc/stdtasks.tst
testing: /var/jenkins_home/workspace/oscar/gap/tst/testinstall/hpc/tasks.tst
     383 ms (376 ms GC) and 859KB allocated for hpc/tasks.tst
testing: /var/jenkins_home/workspace/oscar/gap/tst/testinstall/hpc/threads.tst
     380 ms (377 ms GC) and 222KB allocated for hpc/threads.tst
testing: /var/jenkins_home/workspace/oscar/gap/tst/testinstall/immutable.tst
     382 ms (380 ms GC) and 123KB allocated for immutable.tst
testing: /var/jenkins_home/workspace/oscar/gap/tst/testinstall/infinity.tst
     378 ms (377 ms GC) and 166KB allocated for infinity.tst
testing: /var/jenkins_home/workspace/oscar/gap/tst/testinstall/info.tst
     380 ms (376 ms GC) and 225KB allocated for info.tst
testing: /var/jenkins_home/workspace/oscar/gap/tst/testinstall/intarith.tst
    2336 ms (459 ms GC) and 73.4MB allocated for intarith.tst
testing: /var/jenkins_home/workspace/oscar/gap/tst/testinstall/integer.tst
     913 ms (399 ms GC) and 207MB allocated for integer.tst
testing: /var/jenkins_home/workspace/oscar/gap/tst/testinstall/interpreter.tst
    1106 ms (499 ms GC) and 47.0MB allocated for interpreter.tst
testing: /var/jenkins_home/workspace/oscar/gap/tst/testinstall/invsgp.tst
     446 ms (429 ms GC) and 2.46MB allocated for invsgp.tst
testing: /var/jenkins_home/workspace/oscar/gap/tst/testinstall/kbsemi.tst
     425 ms (417 ms GC) and 954KB allocated for kbsemi.tst
testing: /var/jenkins_home/workspace/oscar/gap/tst/testinstall/kernel/ariths.t\
st
     431 ms (415 ms GC) and 702KB allocated for kernel/ariths.tst
testing: /var/jenkins_home/workspace/oscar/gap/tst/testinstall/kernel/blister.\
tst
     440 ms (417 ms GC) and 2.16MB allocated for kernel/blister.tst
testing: /var/jenkins_home/workspace/oscar/gap/tst/testinstall/kernel/bool.tst
     416 ms (415 ms GC) and 108KB allocated for kernel/bool.tst
testing: /var/jenkins_home/workspace/oscar/gap/tst/testinstall/kernel/calls.ts\
t
     415 ms (412 ms GC) and 308KB allocated for kernel/calls.tst
testing: /var/jenkins_home/workspace/oscar/gap/tst/testinstall/kernel/exprs.ts\
t
     414 ms (413 ms GC) and 218KB allocated for kernel/exprs.tst
testing: /var/jenkins_home/workspace/oscar/gap/tst/testinstall/kernel/funcs.ts\
t
       0 ms (0 ms GC) and 7.90KB allocated for kernel/funcs.tst
testing: /var/jenkins_home/workspace/oscar/gap/tst/testinstall/kernel/gap.tst
       4 ms (0 ms GC) and 326KB allocated for kernel/gap.tst
testing: /var/jenkins_home/workspace/oscar/gap/tst/testinstall/kernel/integer.\
tst
     418 ms (415 ms GC) and 234KB allocated for kernel/integer.tst
testing: /var/jenkins_home/workspace/oscar/gap/tst/testinstall/kernel/intfuncs\
.tst
     413 ms (413 ms GC) and 55.5KB allocated for kernel/intfuncs.tst
testing: /var/jenkins_home/workspace/oscar/gap/tst/testinstall/kernel/intrprtr\
.tst
     413 ms (412 ms GC) and 58.3KB allocated for kernel/intrprtr.tst
testing: /var/jenkins_home/workspace/oscar/gap/tst/testinstall/kernel/listfunc\
.tst
     414 ms (413 ms GC) and 159KB allocated for kernel/listfunc.tst
testing: /var/jenkins_home/workspace/oscar/gap/tst/testinstall/kernel/lists.ts\
t
     416 ms (412 ms GC) and 295KB allocated for kernel/lists.tst
testing: /var/jenkins_home/workspace/oscar/gap/tst/testinstall/kernel/macfloat\
.tst
     415 ms (414 ms GC) and 78.6KB allocated for kernel/macfloat.tst
testing: /var/jenkins_home/workspace/oscar/gap/tst/testinstall/kernel/object.t\
st
     416 ms (415 ms GC) and 177KB allocated for kernel/object.tst
testing: /var/jenkins_home/workspace/oscar/gap/tst/testinstall/kernel/objfgelm\
.tst
     412 ms (411 ms GC) and 49.3KB allocated for kernel/objfgelm.tst
testing: /var/jenkins_home/workspace/oscar/gap/tst/testinstall/kernel/opers.ts\
t
     418 ms (412 ms GC) and 605KB allocated for kernel/opers.tst
testing: /var/jenkins_home/workspace/oscar/gap/tst/testinstall/kernel/range.ts\
t
     415 ms (414 ms GC) and 158KB allocated for kernel/range.tst
testing: /var/jenkins_home/workspace/oscar/gap/tst/testinstall/kernel/read.tst
     421 ms (419 ms GC) and 368KB allocated for kernel/read.tst
testing: /var/jenkins_home/workspace/oscar/gap/tst/testinstall/kernel/records.\
tst
     416 ms (413 ms GC) and 192KB allocated for kernel/records.tst
testing: /var/jenkins_home/workspace/oscar/gap/tst/testinstall/kernel/scanner.\
tst
     417 ms (415 ms GC) and 268KB allocated for kernel/scanner.tst
testing: /var/jenkins_home/workspace/oscar/gap/tst/testinstall/kernel/sctable.\
tst
     417 ms (416 ms GC) and 99.0KB allocated for kernel/sctable.tst
testing: /var/jenkins_home/workspace/oscar/gap/tst/testinstall/kernel/set.tst
     413 ms (412 ms GC) and 128KB allocated for kernel/set.tst
testing: /var/jenkins_home/workspace/oscar/gap/tst/testinstall/kernel/stats.ts\
t
     412 ms (411 ms GC) and 195KB allocated for kernel/stats.tst
testing: /var/jenkins_home/workspace/oscar/gap/tst/testinstall/kernel/streams.\
tst
A     415 ms (412 ms GC) and 314KB allocated for kernel/streams.tst
testing: /var/jenkins_home/workspace/oscar/gap/tst/testinstall/kernel/stringob\
j.tst
     414 ms (411 ms GC) and 183KB allocated for kernel/stringobj.tst
testing: /var/jenkins_home/workspace/oscar/gap/tst/testinstall/linecontinuatio\
n.tst
     414 ms (412 ms GC) and 89.9KB allocated for linecontinuation.tst
testing: /var/jenkins_home/workspace/oscar/gap/tst/testinstall/list.tst
     425 ms (413 ms GC) and 1020KB allocated for list.tst
testing: /var/jenkins_home/workspace/oscar/gap/tst/testinstall/listgen.tst
     419 ms (414 ms GC) and 753KB allocated for listgen.tst
testing: /var/jenkins_home/workspace/oscar/gap/tst/testinstall/listindex.tst
     422 ms (414 ms GC) and 666KB allocated for listindex.tst
testing: /var/jenkins_home/workspace/oscar/gap/tst/testinstall/localvars.tst
       1 ms (0 ms GC) and 123KB allocated for localvars.tst
testing: /var/jenkins_home/workspace/oscar/gap/tst/testinstall/longnumber.tst
     418 ms (415 ms GC) and 1.06MB allocated for longnumber.tst
testing: /var/jenkins_home/workspace/oscar/gap/tst/testinstall/mapphomo.tst
     432 ms (415 ms GC) and 2.39MB allocated for mapphomo.tst
testing: /var/jenkins_home/workspace/oscar/gap/tst/testinstall/mapping.tst
     897 ms (445 ms GC) and 32.7MB allocated for mapping.tst
testing: /var/jenkins_home/workspace/oscar/gap/tst/testinstall/matblock.tst
     424 ms (418 ms GC) and 418KB allocated for matblock.tst
testing: /var/jenkins_home/workspace/oscar/gap/tst/testinstall/matrix.tst
       0 ms (0 ms GC) and 125KB allocated for matrix.tst
testing: /var/jenkins_home/workspace/oscar/gap/tst/testinstall/meataxe.tst
     940 ms (529 ms GC) and 250MB allocated for meataxe.tst
testing: /var/jenkins_home/workspace/oscar/gap/tst/testinstall/memoize.tst
     435 ms (432 ms GC) and 160KB allocated for memoize.tst
testing: /var/jenkins_home/workspace/oscar/gap/tst/testinstall/method-rankfns.\
tst
     507 ms (417 ms GC) and 5.93MB allocated for method-rankfns.tst
testing: /var/jenkins_home/workspace/oscar/gap/tst/testinstall/method-reorderi\
ng.tst
     862 ms (452 ms GC) and 43.5MB allocated for method-reordering.tst
testing: /var/jenkins_home/workspace/oscar/gap/tst/testinstall/method.tst
     414 ms (413 ms GC) and 151KB allocated for method.tst
testing: /var/jenkins_home/workspace/oscar/gap/tst/testinstall/methwhy.tst
     415 ms (412 ms GC) and 379KB allocated for methwhy.tst
testing: /var/jenkins_home/workspace/oscar/gap/tst/testinstall/mgmring.tst
     417 ms (413 ms GC) and 345KB allocated for mgmring.tst
testing: /var/jenkins_home/workspace/oscar/gap/tst/testinstall/misc.tst
       1 ms (0 ms GC) and 190KB allocated for misc.tst
testing: /var/jenkins_home/workspace/oscar/gap/tst/testinstall/modfree.tst
     439 ms (414 ms GC) and 1.99MB allocated for modfree.tst
testing: /var/jenkins_home/workspace/oscar/gap/tst/testinstall/modifiers.tst
     415 ms (413 ms GC) and 94.5KB allocated for modifiers.tst
testing: /var/jenkins_home/workspace/oscar/gap/tst/testinstall/monofree.tst
     417 ms (412 ms GC) and 639KB allocated for monofree.tst
testing: /var/jenkins_home/workspace/oscar/gap/tst/testinstall/morpheus.tst
     789 ms (445 ms GC) and 42.4MB allocated for morpheus.tst
testing: /var/jenkins_home/workspace/oscar/gap/tst/testinstall/nanoseconds.tst
     423 ms (422 ms GC) and 54.8KB allocated for nanoseconds.tst
testing: /var/jenkins_home/workspace/oscar/gap/tst/testinstall/numtheor.tst
     498 ms (417 ms GC) and 11.5MB allocated for numtheor.tst
testing: /var/jenkins_home/workspace/oscar/gap/tst/testinstall/objlist.tst
       4 ms (0 ms GC) and 201KB allocated for objlist.tst
testing: /var/jenkins_home/workspace/oscar/gap/tst/testinstall/objmap.tst
     425 ms (423 ms GC) and 275KB allocated for objmap.tst
testing: /var/jenkins_home/workspace/oscar/gap/tst/testinstall/objset.tst
     699 ms (423 ms GC) and 17.0MB allocated for objset.tst
testing: /var/jenkins_home/workspace/oscar/gap/tst/testinstall/obsolete.tst
     423 ms (421 ms GC) and 121KB allocated for obsolete.tst
testing: /var/jenkins_home/workspace/oscar/gap/tst/testinstall/onecohom.tst
     750 ms (452 ms GC) and 35.2MB allocated for onecohom.tst
testing: /var/jenkins_home/workspace/oscar/gap/tst/testinstall/oper1.tst
       3 ms (0 ms GC) and 285KB allocated for oper1.tst
testing: /var/jenkins_home/workspace/oscar/gap/tst/testinstall/opers/Automorph\
ismGroup.tst
     759 ms (462 ms GC) and 33.8MB allocated for opers/AutomorphismGroup.tst
testing: /var/jenkins_home/workspace/oscar/gap/tst/testinstall/opers/BindingsO\
fClosure.tst
     424 ms (422 ms GC) and 113KB allocated for opers/BindingsOfClosure.tst
testing: /var/jenkins_home/workspace/oscar/gap/tst/testinstall/opers/CyclesFro\
mList.tst
     424 ms (423 ms GC) and 65.8KB allocated for opers/CyclesFromList.tst
testing: /var/jenkins_home/workspace/oscar/gap/tst/testinstall/opers/Cyclotomi\
cField.tst
     424 ms (423 ms GC) and 168KB allocated for opers/CyclotomicField.tst
testing: /var/jenkins_home/workspace/oscar/gap/tst/testinstall/opers/EmptyPlis\
t.tst
     421 ms (420 ms GC) and 65.1KB allocated for opers/EmptyPlist.tst
testing: /var/jenkins_home/workspace/oscar/gap/tst/testinstall/opers/FittingSu\
bgroup.tst
     520 ms (421 ms GC) and 14.8MB allocated for opers/FittingSubgroup.tst
testing: /var/jenkins_home/workspace/oscar/gap/tst/testinstall/opers/FrattiniS\
ubgroup.tst
     640 ms (438 ms GC) and 26.9MB allocated for opers/FrattiniSubgroup.tst
testing: /var/jenkins_home/workspace/oscar/gap/tst/testinstall/opers/HallSubgr\
oup.tst
    1319 ms (524 ms GC) and 133MB allocated for opers/HallSubgroup.tst
testing: /var/jenkins_home/workspace/oscar/gap/tst/testinstall/opers/HexString\
Blist.tst
     448 ms (439 ms GC) and 894KB allocated for opers/HexStringBlist.tst
testing: /var/jenkins_home/workspace/oscar/gap/tst/testinstall/opers/InverseMa\
tMod.tst
     432 ms (427 ms GC) and 384KB allocated for opers/InverseMatMod.tst
testing: /var/jenkins_home/workspace/oscar/gap/tst/testinstall/opers/IsCentral\
.tst
     450 ms (427 ms GC) and 2.76MB allocated for opers/IsCentral.tst
testing: /var/jenkins_home/workspace/oscar/gap/tst/testinstall/opers/IsPNilpot\
ent.tst
     432 ms (428 ms GC) and 317KB allocated for opers/IsPNilpotent.tst
testing: /var/jenkins_home/workspace/oscar/gap/tst/testinstall/opers/IsSolvabl\
eGroup.tst
     621 ms (445 ms GC) and 22.3MB allocated for opers/IsSolvableGroup.tst
testing: /var/jenkins_home/workspace/oscar/gap/tst/testinstall/opers/LatticeBy\
CyclicExtension.tst
     553 ms (444 ms GC) and 18.9MB allocated for opers/LatticeByCyclicExtensio\
n.tst
testing: /var/jenkins_home/workspace/oscar/gap/tst/testinstall/opers/ListBlist\
.tst
     427 ms (426 ms GC) and 49.8KB allocated for opers/ListBlist.tst
testing: /var/jenkins_home/workspace/oscar/gap/tst/testinstall/opers/LocationF\
unc.tst
     429 ms (428 ms GC) and 57.8KB allocated for opers/LocationFunc.tst
testing: /var/jenkins_home/workspace/oscar/gap/tst/testinstall/opers/MaximalNo\
rmalSubgroups.tst
     776 ms (467 ms GC) and 31.6MB allocated for opers/MaximalNormalSubgroups.\
tst
testing: /var/jenkins_home/workspace/oscar/gap/tst/testinstall/opers/MemoryUsa\
ge.tst
     437 ms (436 ms GC) and 253KB allocated for opers/MemoryUsage.tst
testing: /var/jenkins_home/workspace/oscar/gap/tst/testinstall/opers/MinimalNo\
rmalSubgroups.tst
    2259 ms (748 ms GC) and 234MB allocated for opers/MinimalNormalSubgroups.t\
st
testing: /var/jenkins_home/workspace/oscar/gap/tst/testinstall/opers/NormalHal\
lSubgroups.tst
    1404 ms (606 ms GC) and 129MB allocated for opers/NormalHallSubgroups.tst
testing: /var/jenkins_home/workspace/oscar/gap/tst/testinstall/opers/NormalSub\
groups.tst
     486 ms (455 ms GC) and 4.41MB allocated for opers/NormalSubgroups.tst
testing: /var/jenkins_home/workspace/oscar/gap/tst/testinstall/opers/Quotient.\
tst
     449 ms (444 ms GC) and 388KB allocated for opers/Quotient.tst
testing: /var/jenkins_home/workspace/oscar/gap/tst/testinstall/opers/RandomInv\
ertibleMat.tst
     536 ms (441 ms GC) and 8.71MB allocated for opers/RandomInvertibleMat.tst
testing: /var/jenkins_home/workspace/oscar/gap/tst/testinstall/opers/RandomMat\
.tst
     477 ms (441 ms GC) and 4.44MB allocated for opers/RandomMat.tst
testing: /var/jenkins_home/workspace/oscar/gap/tst/testinstall/opers/RandomUni\
modularMat.tst
     488 ms (440 ms GC) and 5.41MB allocated for opers/RandomUnimodularMat.tst
testing: /var/jenkins_home/workspace/oscar/gap/tst/testinstall/opers/SimpleGro\
up.tst
    1553 ms (534 ms GC) and 214MB allocated for opers/SimpleGroup.tst
testing: /var/jenkins_home/workspace/oscar/gap/tst/testinstall/opers/Socle.tst
     778 ms (489 ms GC) and 43.5MB allocated for opers/Socle.tst
testing: /var/jenkins_home/workspace/oscar/gap/tst/testinstall/opers/Structura\
lCopy.tst
     452 ms (450 ms GC) and 55.0KB allocated for opers/StructuralCopy.tst
testing: /var/jenkins_home/workspace/oscar/gap/tst/testinstall/opers/Structure\
Description.tst
    3928 ms (915 ms GC) and 452MB allocated for opers/StructureDescription.tst
testing: /var/jenkins_home/workspace/oscar/gap/tst/testinstall/opers/Subdirect\
Product.tst
     486 ms (458 ms GC) and 3.16MB allocated for opers/SubdirectProduct.tst
testing: /var/jenkins_home/workspace/oscar/gap/tst/testinstall/opers/Subdirect\
Products.tst
    1355 ms (521 ms GC) and 65.2MB allocated for opers/SubdirectProducts.tst
testing: /var/jenkins_home/workspace/oscar/gap/tst/testinstall/opers/SylowSyst\
em.tst
     460 ms (457 ms GC) and 209KB allocated for opers/SylowSystem.tst
testing: /var/jenkins_home/workspace/oscar/gap/tst/testinstall/opers/Trianguli\
zedMat.tst
     454 ms (453 ms GC) and 56.2KB allocated for opers/TriangulizedMat.tst
testing: /var/jenkins_home/workspace/oscar/gap/tst/testinstall/oprt.tst
     460 ms (453 ms GC) and 541KB allocated for oprt.tst
testing: /var/jenkins_home/workspace/oscar/gap/tst/testinstall/package.tst
     848 ms (475 ms GC) and 18.9MB allocated for package.tst
testing: /var/jenkins_home/workspace/oscar/gap/tst/testinstall/perm.tst
    1123 ms (518 ms GC) and 810MB allocated for perm.tst
testing: /var/jenkins_home/workspace/oscar/gap/tst/testinstall/pgroups.tst
     698 ms (494 ms GC) and 29.7MB allocated for pgroups.tst
testing: /var/jenkins_home/workspace/oscar/gap/tst/testinstall/pperm.tst
    1671 ms (534 ms GC) and 425MB allocated for pperm.tst
testing: /var/jenkins_home/workspace/oscar/gap/tst/testinstall/pragma.tst
       0 ms (0 ms GC) and 37.4KB allocated for pragma.tst
testing: /var/jenkins_home/workspace/oscar/gap/tst/testinstall/randlist.tst
     463 ms (459 ms GC) and 407KB allocated for randlist.tst
testing: /var/jenkins_home/workspace/oscar/gap/tst/testinstall/random.tst
    4816 ms (804 ms GC) and 300MB allocated for random.tst
testing: /var/jenkins_home/workspace/oscar/gap/tst/testinstall/range.tst
     616 ms (479 ms GC) and 17.1MB allocated for range.tst
testing: /var/jenkins_home/workspace/oscar/gap/tst/testinstall/ratfun.tst
    2737 ms (598 ms GC) and 106MB allocated for ratfun.tst
testing: /var/jenkins_home/workspace/oscar/gap/tst/testinstall/ratfun_gf5.tst
    1006 ms (508 ms GC) and 37.6MB allocated for ratfun_gf5.tst
testing: /var/jenkins_home/workspace/oscar/gap/tst/testinstall/rationals.tst
       2 ms (0 ms GC) and 87.1KB allocated for rationals.tst
testing: /var/jenkins_home/workspace/oscar/gap/tst/testinstall/read.tst
     462 ms (458 ms GC) and 302KB allocated for read.tst
testing: /var/jenkins_home/workspace/oscar/gap/tst/testinstall/recordname.tst
     461 ms (458 ms GC) and 440KB allocated for recordname.tst
testing: /var/jenkins_home/workspace/oscar/gap/tst/testinstall/reesmat.tst
     541 ms (458 ms GC) and 12.5MB allocated for reesmat.tst
testing: /var/jenkins_home/workspace/oscar/gap/tst/testinstall/relation.tst
     487 ms (466 ms GC) and 1.09MB allocated for relation.tst
testing: /var/jenkins_home/workspace/oscar/gap/tst/testinstall/restrictedperm.\
tst
      13 ms (0 ms GC) and 3.04MB allocated for restrictedperm.tst
testing: /var/jenkins_home/workspace/oscar/gap/tst/testinstall/rwspcgrp.tst
     820 ms (495 ms GC) and 70.7MB allocated for rwspcgrp.tst
testing: /var/jenkins_home/workspace/oscar/gap/tst/testinstall/rwspcsng.tst
     929 ms (495 ms GC) and 132MB allocated for rwspcsng.tst
testing: /var/jenkins_home/workspace/oscar/gap/tst/testinstall/semicong.tst
     519 ms (461 ms GC) and 6.14MB allocated for semicong.tst
testing: /var/jenkins_home/workspace/oscar/gap/tst/testinstall/semigrp.tst
     536 ms (470 ms GC) and 8.55MB allocated for semigrp.tst
testing: /var/jenkins_home/workspace/oscar/gap/tst/testinstall/semipperm.tst
     525 ms (465 ms GC) and 8.59MB allocated for semipperm.tst
testing: /var/jenkins_home/workspace/oscar/gap/tst/testinstall/semirel.tst
     514 ms (469 ms GC) and 6.29MB allocated for semirel.tst
testing: /var/jenkins_home/workspace/oscar/gap/tst/testinstall/semitran.tst
     619 ms (467 ms GC) and 10.6MB allocated for semitran.tst
testing: /var/jenkins_home/workspace/oscar/gap/tst/testinstall/set.tst
     522 ms (469 ms GC) and 5.19MB allocated for set.tst
testing: /var/jenkins_home/workspace/oscar/gap/tst/testinstall/small_groups.ts\
t
     608 ms (492 ms GC) and 14.3MB allocated for small_groups.tst
testing: /var/jenkins_home/workspace/oscar/gap/tst/testinstall/stabchain.tst
    1277 ms (535 ms GC) and 33.8MB allocated for stabchain.tst
testing: /var/jenkins_home/workspace/oscar/gap/tst/testinstall/startendwith.ts\
t
     478 ms (476 ms GC) and 83.9KB allocated for startendwith.tst
testing: /var/jenkins_home/workspace/oscar/gap/tst/testinstall/straight.tst
     487 ms (484 ms GC) and 232KB allocated for straight.tst
testing: /var/jenkins_home/workspace/oscar/gap/tst/testinstall/streams.tst
     482 ms (477 ms GC) and 449KB allocated for streams.tst
testing: /var/jenkins_home/workspace/oscar/gap/tst/testinstall/stringobj.tst
     802 ms (495 ms GC) and 15.1MB allocated for stringobj.tst
testing: /var/jenkins_home/workspace/oscar/gap/tst/testinstall/strings.tst
     480 ms (477 ms GC) and 244KB allocated for strings.tst
testing: /var/jenkins_home/workspace/oscar/gap/tst/testinstall/switch.tst
     956 ms (953 ms GC) and 129KB allocated for switch.tst
testing: /var/jenkins_home/workspace/oscar/gap/tst/testinstall/sylowhall.tst
    2085 ms (736 ms GC) and 434MB allocated for sylowhall.tst
testing: /var/jenkins_home/workspace/oscar/gap/tst/testinstall/syntaxtree.tst
    1502 ms (191 ms GC) and 263MB allocated for syntaxtree.tst
testing: /var/jenkins_home/workspace/oscar/gap/tst/testinstall/testing.tst
     495 ms (494 ms GC) and 50.1KB allocated for testing.tst
testing: /var/jenkins_home/workspace/oscar/gap/tst/testinstall/testunix/stream\
io.tst
     490 ms (486 ms GC) and 125KB allocated for testunix/streamio.tst
testing: /var/jenkins_home/workspace/oscar/gap/tst/testinstall/testunix/stream\
s.tst
/bin/cat: -: Input/output error
     492 ms (490 ms GC) and 74.6KB allocated for testunix/streams.tst
testing: /var/jenkins_home/workspace/oscar/gap/tst/testinstall/tilde.tst
     510 ms (486 ms GC) and 455KB allocated for tilde.tst
testing: /var/jenkins_home/workspace/oscar/gap/tst/testinstall/trace.tst
     488 ms (486 ms GC) and 148KB allocated for trace.tst
testing: /var/jenkins_home/workspace/oscar/gap/tst/testinstall/trans.tst
    2692 ms (1755 ms GC) and 364MB allocated for trans.tst
testing: /var/jenkins_home/workspace/oscar/gap/tst/testinstall/triviso.tst
     493 ms (492 ms GC) and 63.4KB allocated for triviso.tst
testing: /var/jenkins_home/workspace/oscar/gap/tst/testinstall/tuples.tst
     491 ms (491 ms GC) and 43.6KB allocated for tuples.tst
testing: /var/jenkins_home/workspace/oscar/gap/tst/testinstall/type.tst
       4 ms (0 ms GC) and 193KB allocated for type.tst
testing: /var/jenkins_home/workspace/oscar/gap/tst/testinstall/unbound.tst
     488 ms (487 ms GC) and 161KB allocated for unbound.tst
testing: /var/jenkins_home/workspace/oscar/gap/tst/testinstall/unknown.tst
     487 ms (485 ms GC) and 116KB allocated for unknown.tst
testing: /var/jenkins_home/workspace/oscar/gap/tst/testinstall/varargs.tst
     489 ms (486 ms GC) and 187KB allocated for varargs.tst
testing: /var/jenkins_home/workspace/oscar/gap/tst/testinstall/vecmat.tst
     733 ms (485 ms GC) and 6.06MB allocated for vecmat.tst
testing: /var/jenkins_home/workspace/oscar/gap/tst/testinstall/vspchom.tst
     523 ms (488 ms GC) and 3.74MB allocated for vspchom.tst
testing: /var/jenkins_home/workspace/oscar/gap/tst/testinstall/vspcmali.tst
     555 ms (490 ms GC) and 8.75MB allocated for vspcmali.tst
testing: /var/jenkins_home/workspace/oscar/gap/tst/testinstall/vspcmat.tst
     552 ms (494 ms GC) and 8.28MB allocated for vspcmat.tst
testing: /var/jenkins_home/workspace/oscar/gap/tst/testinstall/vspcrow.tst
     645 ms (521 ms GC) and 41.7MB allocated for vspcrow.tst
testing: /var/jenkins_home/workspace/oscar/gap/tst/testinstall/weakptr-badargs\
.tst
     490 ms (489 ms GC) and 107KB allocated for weakptr-badargs.tst
testing: /var/jenkins_home/workspace/oscar/gap/tst/testinstall/weakptr.tst
    1511 ms (1470 ms GC) and 16.0MB allocated for weakptr.tst
testing: /var/jenkins_home/workspace/oscar/gap/tst/testinstall/wordrep.tst
     639 ms (503 ms GC) and 56.4MB allocated for wordrep.tst
testing: /var/jenkins_home/workspace/oscar/gap/tst/testinstall/xfuncs.tst
     492 ms (488 ms GC) and 644KB allocated for xfuncs.tst
testing: /var/jenkins_home/workspace/oscar/gap/tst/testinstall/xgap.tst
    1044 ms (540 ms GC) and 55.9MB allocated for xgap.tst
testing: /var/jenkins_home/workspace/oscar/gap/tst/testinstall/zlattice.tst
     496 ms (495 ms GC) and 49.3KB allocated for zlattice.tst
testing: /var/jenkins_home/workspace/oscar/gap/tst/testinstall/zmodnz.tst
     511 ms (489 ms GC) and 2.29MB allocated for zmodnz.tst
testing: /var/jenkins_home/workspace/oscar/gap/tst/testinstall/zmodnze.tst
     503 ms (490 ms GC) and 1.29MB allocated for zmodnze.tst
-----------------------------------
total    155258 ms (95839 ms GC) and 8.93GB allocated
              0 failures in 248 files

#I  No errors detected while testing

=== SUCCESS at 2019-09-19 07:28
