=== HomalgProject.jl (meta/tests/test-HomalgProject_jl.sh) at 2019-09-19 08:05
 â”Œâ”€â”€â”€â”€â”€â”€â”€â”   GAP 4.10dev-2280-g38fbd9f of today
 â”‚  GAP  â”‚   https://www.gap-system.org
 â””â”€â”€â”€â”€â”€â”€â”€â”˜   Architecture: x86_64-pc-linux-gnu-julia64-kv7
 Configuration:  gmp 6.1.2, Julia GC, Julia 1.1.2-pre, readline
 Loading the library and packages ...
 Packages:   GAPDoc 1.6.3, PrimGrp 3.3.2, SmallGrp 1.3, TransGrp 2.0.4
 Try '??help' for help. See also '?copyright', '?cite' and '?authors'
Adding path /var/jenkins_home/workspace/oscar/gap/.libs to DL_LOAD_PATH
 â”Œâ”€â”€â”€â”€â”€â”€â”€â”   GAP 4.10dev-2280-g38fbd9f of today
 â”‚  GAP  â”‚   https://www.gap-system.org
 â””â”€â”€â”€â”€â”€â”€â”€â”˜   Architecture: x86_64-pc-linux-gnu-julia64-kv7
 Configuration:  gmp 6.1.2, Julia GC, Julia 1.1.2-pre, readline
 Loading the library and packages ...
 Packages:   GAPDoc 1.6.3, PrimGrp 3.3.2, SmallGrp 1.3, TransGrp 2.0.4
 Try '??help' for help. See also '?copyright', '?cite' and '?authors'
================================================================
                     SINGULAR                                 /  Development
 A Computer Algebra System for Polynomial Computations       /   version 4.1.2
                                                           0<
 by: W. Decker, G.-M. Greuel, G. Pfister, H. Schoenemann     \   Feb 2019
FB Mathematik der Universitaet, D-67653 Kaiserslautern        \
// ** executing /var/jenkins_home/workspace/oscar/singular/Singular/LIB/.singu\
larrc[0m
================================================================
Adding path /var/jenkins_home/workspace/oscar/gap/.libs to DL_LOAD_PATH
Test Summary:    | Pass  Total
HomalgProject.jl |   11     11
   Testing HomalgProject
 Resolving package versions...
    Status `/tmp/tmpc4q2lK/Manifest.toml`
  [c863536a] GAP v0.2.1 #master (GAP.jl)
  [cd4130c4] GAPTypes v1.0.0
  [50bd374c] HomalgProject v0.1.0 #master (HomalgProject.jl)
  [2a0f44e3] Base64  [`@stdlib/Base64`]
  [ade2ca70] Dates  [`@stdlib/Dates`]
  [8ba89e20] Distributed  [`@stdlib/Distributed`]
  [b77e0a4c] InteractiveUtils  [`@stdlib/InteractiveUtils`]
  [76f85450] LibGit2  [`@stdlib/LibGit2`]
  [8f399da3] Libdl  [`@stdlib/Libdl`]
  [56ddb016] Logging  [`@stdlib/Logging`]
  [d6f4376e] Markdown  [`@stdlib/Markdown`]
  [44cfe95a] Pkg  [`@stdlib/Pkg`]
  [de0858da] Printf  [`@stdlib/Printf`]
  [3fa0cd96] REPL  [`@stdlib/REPL`]
  [9a3f8284] Random  [`@stdlib/Random`]
  [ea8e919c] SHA  [`@stdlib/SHA`]
  [9e88b42a] Serialization  [`@stdlib/Serialization`]
  [6462fe0b] Sockets  [`@stdlib/Sockets`]
  [8dfed614] Test  [`@stdlib/Test`]
  [cf7118a7] UUIDs  [`@stdlib/UUIDs`]
  [4ec0a83e] Unicode  [`@stdlib/Unicode`]
   Testing HomalgProject tests passed 
=== SUCCESS at 2019-09-19 08:06
