=== JuliaInterface (meta/tests/test-JuliaInterface.sh) at 2019-09-19 08:08
/var/jenkins_home/workspace/oscar/gap/gap tst/testall.g
 ┌───────┐   GAP 4.10dev-2280-g38fbd9f of today
 │  GAP  │   https://www.gap-system.org
 └───────┘   Architecture: x86_64-pc-linux-gnu-julia64-kv7
 Configuration:  gmp 6.1.2, Julia GC, Julia 1.1.2-pre, readline
 Loading the library and packages ...
 Packages:   AClib 1.3.1, Alnuth 3.1.1, AtlasRep 2.1.0, AutoDoc 2019.09.04, 
             AutPGrp 1.10.1, Browse 1.8.8, Carat 2.2.3, CRISP 1.4.4, 
             Cryst 4.1.20, CrystCat 1.1.9, CTblLib 1.2.2, FactInt 1.6.2, 
             FGA 1.4.0, Forms 1.2.5, GAPDoc 1.6.3, genss 1.6.6, IO 4.7.0, 
             IRREDSOL 1.4, LAGUNA 3.9.3, orb 4.8.2, Polenta 1.3.8, 
             Polycyclic 2.14, PrimGrp 3.3.2, RadiRoot 2.8, recog 1.3.2, 
             ResClasses 4.7.2, SmallGrp 1.3, Sophus 1.24, SpinSym 1.5.1, 
             TomLib 1.2.8, TransGrp 2.0.4, utils 0.67
 Try '??help' for help. See also '?copyright', '?cite' and '?authors'
─────────────────────────────────────────────────────────────────────────────
Loading  JuliaInterface 0.2.1 (Test interface to julia)
by Sebastian Gutsche (https://sebasguts.github.io) and
   Max Horn (https://www.quendi.de/math).
(julia version is 1.1.2-pre.0)
Homepage: http://TODO/
─────────────────────────────────────────────────────────────────────────────
Architecture: x86_64-pc-linux-gnu-julia64-kv7

testing: /var/jenkins_home/workspace/oscar/gap/pkg/GAPJulia/JuliaInterface/tst\
/JuliaToGAP.tst
     549 ms (538 ms GC) and 46.8KB allocated for JuliaToGAP.tst
testing: /var/jenkins_home/workspace/oscar/gap/pkg/GAPJulia/JuliaInterface/tst\
/adapter.tst
    1457 ms (403 ms GC) and 225KB allocated for adapter.tst
testing: /var/jenkins_home/workspace/oscar/gap/pkg/GAPJulia/JuliaInterface/tst\
/calls.tst
    1033 ms (303 ms GC) and 369KB allocated for calls.tst
testing: /var/jenkins_home/workspace/oscar/gap/pkg/GAPJulia/JuliaInterface/tst\
/convert.tst
    1007 ms (318 ms GC) and 251KB allocated for convert.tst
testing: /var/jenkins_home/workspace/oscar/gap/pkg/GAPJulia/JuliaInterface/tst\
/help.tst
    2034 ms (477 ms GC) and 117MB allocated for help.tst
testing: /var/jenkins_home/workspace/oscar/gap/pkg/GAPJulia/JuliaInterface/tst\
/import.tst
     937 ms (348 ms GC) and 174KB allocated for import.tst
testing: /var/jenkins_home/workspace/oscar/gap/pkg/GAPJulia/JuliaInterface/tst\
/utils.tst
     552 ms (327 ms GC) and 209KB allocated for utils.tst
testing: /var/jenkins_home/workspace/oscar/gap/pkg/GAPJulia/JuliaInterface/tst\
/wrapper.tst
     694 ms (329 ms GC) and 60.0KB allocated for wrapper.tst
-----------------------------------
total      8263 ms (3043 ms GC) and 118MB allocated
              0 failures in 8 files

#I  No errors detected while testing

=== SUCCESS at 2019-09-19 08:08
