=== JuliaExperimental (meta/tests/test-JuliaExperimental.sh) at 2019-09-19 08:08
/var/jenkins_home/workspace/oscar/gap/gap tst/testall.g
 ┌───────┐   GAP 4.10dev-2280-g38fbd9f of today
 │  GAP  │   https://www.gap-system.org
 └───────┘   Architecture: x86_64-pc-linux-gnu-julia64-kv7
 Configuration:  gmp 6.1.2, Julia GC, Julia 1.1.2-pre, readline
 Loading the library and packages ...
 Packages:   AClib 1.3.1, Alnuth 3.1.1, AtlasRep 2.1.0, AutoDoc 2019.09.04, 
             AutPGrp 1.10.1, Browse 1.8.8, Carat 2.2.3, CRISP 1.4.4, 
             Cryst 4.1.20, CrystCat 1.1.9, CTblLib 1.2.2, FactInt 1.6.2, 
             FGA 1.4.0, Forms 1.2.5, GAPDoc 1.6.3, genss 1.6.6, IO 4.7.0, 
             IRREDSOL 1.4, LAGUNA 3.9.3, orb 4.8.2, Polenta 1.3.8, 
             Polycyclic 2.14, PrimGrp 3.3.2, RadiRoot 2.8, recog 1.3.2, 
             ResClasses 4.7.2, SmallGrp 1.3, Sophus 1.24, SpinSym 1.5.1, 
             TomLib 1.2.8, TransGrp 2.0.4, utils 0.67
 Try '??help' for help. See also '?copyright', '?cite' and '?authors'
─────────────────────────────────────────────────────────────────────────────
Loading  JuliaInterface 0.2.1 (Test interface to julia)
by Sebastian Gutsche (https://sebasguts.github.io) and
   Max Horn (https://www.quendi.de/math).
(julia version is 1.1.2-pre.0)
Homepage: http://TODO/
─────────────────────────────────────────────────────────────────────────────
#I  The Julia package 'Primes' cannot be loaded.
─────────────────────────────────────────────────────────────────────────────
Loading  ToolsForHomalg 2019.06.02 (Provides special methods and knowledge propagation tools)
by Mohamed Barakat (https://mohamed-barakat.github.io),
   Sebastian Gutsche (https://sebasguts.github.io), and
   Markus Lange-Hegermann (http://wwwb.math.rwth-aachen.de/~markus/).
Homepage: https://homalg-project.github.io/homalg_project/ToolsForHomalg/
─────────────────────────────────────────────────────────────────────────────
─────────────────────────────────────────────────────────────────────────────
Loading  MatricesForHomalg 2019.08.26 (Lazy evaluated matrices with clever operations for the homalg project)
by Mohamed Barakat (https://mohamed-barakat.github.io),
   Markus Lange-Hegermann (https://www.hs-owl.de/fb5/fachbereich/fachgebiete/md/team/prof-dr-markus-lange-hegermann.html),
   Martin Leuner (http://wwwb.math.rwth-aachen.de/Mitarbeiter/leuner.php), and
   Vinay Wagh (http://www.iitg.ernet.in/vinay.wagh/).
maintained by:
   Mohamed Barakat (https://mohamed-barakat.github.io).
Homepage: https://homalg-project.github.io/homalg_project/MatricesForHomalg/
─────────────────────────────────────────────────────────────────────────────
─────────────────────────────────────────────────────────────────────────────
Loading  HomalgToCAS 2019.06.01 (A window to the outer world)
by Thomas Bächler (http://wwwb.math.rwth-aachen.de/~thomas/),
   Mohamed Barakat (https://mohamed-barakat.github.io),
   Simon Görtzen (https://www.linkedin.com/in/simongoertzen/),
   Sebastian Gutsche (https://sebasguts.github.io), and
   Vinay Wagh (http://www.iitg.ernet.in/vinay.wagh/).
with contributions by:
   Thomas Breuer (http://www.math.rwth-aachen.de/~Thomas.Breuer/) and
   Frank Lübeck (http://www.math.rwth-aachen.de/~Frank.Luebeck/).
maintained by:
   Mohamed Barakat (https://mohamed-barakat.github.io).
Homepage: https://homalg-project.github.io/homalg_project/HomalgToCAS/
─────────────────────────────────────────────────────────────────────────────
─────────────────────────────────────────────────────────────────────────────
Loading  RingsForHomalg 2019.06.01 (Dictionaries of external rings for the homalg project)
by Mohamed Barakat (https://mohamed-barakat.github.io),
   Simon Görtzen (https://www.linkedin.com/in/simongoertzen/),
   Markus Kirschmer (http://www.math.rwth-aachen.de/~Markus.Kirschmer/),
   Markus Lange-Hegermann (https://www.hs-owl.de/fb5/fachbereich/fachgebiete/md/team/prof-dr-markus-lange-hegermann.html),
   Oleksandr Motsak (http://www.mathematik.uni-kl.de/~motsak/),
   Daniel Robertz (http://wwwb.math.rwth-aachen.de/~daniel/),
   Hans Schönemann (http://www.mathematik.uni-kl.de/~hannes/),
   Andreas Steenpaß (steenpass@mathematik.uni-kl.de), and
   Vinay Wagh (http://www.iitg.ernet.in/vinay.wagh/).
with contributions by:
   Max Neunhöffer (http://www-groups.mcs.st-and.ac.uk/~neunhoef/).
maintained by:
   Mohamed Barakat (https://mohamed-barakat.github.io).
Homepage: https://homalg-project.github.io/homalg_project/RingsForHomalg/
─────────────────────────────────────────────────────────────────────────────
─────────────────────────────────────────────────────────────────────────────
Loading  JuliaExperimental 0.2.1 (Experimental code for the GAP Julia integration)
by Thomas Breuer (http://www.math.rwth-aachen.de/~Thomas.Breuer) and
   Sebastian Gutsche (https://sebasguts.github.io).
Homepage: http://TODO/
─────────────────────────────────────────────────────────────────────────────
#I  The Julia package 'Primes' cannot be loaded.
Architecture: x86_64-pc-linux-gnu-julia64-kv7

testing: /var/jenkins_home/workspace/oscar/gap/pkg/GAPJulia/JuliaExperimental/\
tst/context.tst
    4385 ms (1166 ms GC) and 2.31MB allocated for /var/jenkins_home/workspace/\
oscar/gap/pkg/GAPJulia/JuliaExperimental/tst/context.tst
testing: /var/jenkins_home/workspace/oscar/gap/pkg/GAPJulia/JuliaExperimental/\
tst/gapnemo.tst
     732 ms (361 ms GC) and 45.0KB allocated for /var/jenkins_home/workspace/o\
scar/gap/pkg/GAPJulia/JuliaExperimental/tst/gapnemo.tst
testing: /var/jenkins_home/workspace/oscar/gap/pkg/GAPJulia/JuliaExperimental/\
tst/gapperm.tst
     871 ms (360 ms GC) and 232KB allocated for /var/jenkins_home/workspace/os\
car/gap/pkg/GAPJulia/JuliaExperimental/tst/gapperm.tst
testing: /var/jenkins_home/workspace/oscar/gap/pkg/GAPJulia/JuliaExperimental/\
tst/hnf.tst
     503 ms (349 ms GC) and 12.7MB allocated for /var/jenkins_home/workspace/o\
scar/gap/pkg/GAPJulia/JuliaExperimental/tst/hnf.tst
testing: /var/jenkins_home/workspace/oscar/gap/pkg/GAPJulia/JuliaExperimental/\
tst/numfield.tst
    2492 ms (419 ms GC) and 691KB allocated for /var/jenkins_home/workspace/os\
car/gap/pkg/GAPJulia/JuliaExperimental/tst/numfield.tst
testing: /var/jenkins_home/workspace/oscar/gap/pkg/GAPJulia/JuliaExperimental/\
tst/realcyc.tst
     740 ms (367 ms GC) and 231KB allocated for /var/jenkins_home/workspace/os\
car/gap/pkg/GAPJulia/JuliaExperimental/tst/realcyc.tst
testing: /var/jenkins_home/workspace/oscar/gap/pkg/GAPJulia/JuliaExperimental/\
tst/singular.tst
    1311 ms (387 ms GC) and 425KB allocated for /var/jenkins_home/workspace/os\
car/gap/pkg/GAPJulia/JuliaExperimental/tst/singular.tst
testing: /var/jenkins_home/workspace/oscar/gap/pkg/GAPJulia/JuliaExperimental/\
tst/utils.tst
     471 ms (358 ms GC) and 33.2KB allocated for /var/jenkins_home/workspace/o\
scar/gap/pkg/GAPJulia/JuliaExperimental/tst/utils.tst
testing: /var/jenkins_home/workspace/oscar/gap/pkg/GAPJulia/JuliaExperimental/\
tst/zmodnz.tst
     570 ms (354 ms GC) and 3.37MB allocated for /var/jenkins_home/workspace/o\
scar/gap/pkg/GAPJulia/JuliaExperimental/tst/zmodnz.tst
-----------------------------------
total     12075 ms (4121 ms GC) and 20.1MB allocated
              0 failures in 9 files

#I  No errors detected while testing


Welcome to Nemo version 0.14.3

Nemo comes with absolutely no warranty whatsoever

=== SUCCESS at 2019-09-19 08:09
