=== AbstractAlgebra.jl (meta/tests/test-absalg.sh) at 2019-09-19 07:56
Generic.Map.FunctionalMap...PASS
Generic.Map.FunctionalCompositeMap...PASS
Generic.Map.CompositeMap...PASS
Generic.Map.IdentityMap...PASS

Generic.MapCache.constructors...PASS
Generic.MapCache.enable_disable...PASS
Generic.MapCache.limit...PASS

Generic.MapWithInverse.constructors...PASS
Generic.MapWithInverse.composition...PASS
Generic.MapWithInverse.inv...PASS

youngtabs.partition_type...PASS
youngtabs.partition_iter...PASS
youngtabs.youngtableau_type...PASS
youngtabs.conjugation...PASS
youngtabs.dim...PASS
youngtabs.skewdiags...PASS
youngtabs.rimhooks...PASS
youngtabs.partitionseqs...PASS

perm.abstract_types...PASS
perm.constructors...          Int8 Int16 Int32 Int64 UInt8 UInt16 UInt32 UInt64 BigInt PASS
perm.parsingGAP...            Int8 Int16 Int32 Int64 UInt8 UInt16 UInt32 UInt64 BigInt PASS
perm.printing...              Int8 Int16 Int32 Int64 UInt8 UInt16 UInt32 UInt64 BigInt PASS
perm.basic_manipulation...    Int8 Int16 Int32 Int64 UInt8 UInt16 UInt32 UInt64 BigInt PASS
perm.iteration...             Int8 Int16 Int32 Int64 UInt8 UInt16 UInt32 UInt64 BigInt PASS
perm.binary_ops...            Int8 Int16 Int32 Int64 UInt8 UInt16 UInt32 UInt64 BigInt PASS
perm.mixed_binary_ops...      Int8 Int16 Int32 Int64 UInt8 UInt16 UInt32 UInt64 BigInt PASS
perm.inversion...             Int8 Int16 Int32 Int64 UInt8 UInt16 UInt32 UInt64 BigInt PASS
perm.misc...                  Int8 Int16 Int32 Int64 UInt8 UInt16 UInt32 UInt64 BigInt PASS
perm.characters...            Int8 Int16 Int32 Int64 UInt8 UInt16 UInt32 UInt64 BigInt PASS

Generic.MatAlg.constructors...PASS
Generic.MatAlg.size...PASS
Generic.MatAlg.manipulation...PASS
Generic.MatAlg.unary_ops...PASS
Generic.MatAlg.binary_ops...PASS
Generic.MatAlg.adhoc_binary...PASS
Generic.MatAlg.permutation...PASS
Generic.MatAlg.comparison...PASS
Generic.MatAlg.adhoc_comparison...PASS
Generic.MatAlg.powering...PASS
Generic.MatAlg.exact_division...PASS
Generic.MatAlg.adhoc_exact_division...PASS
Generic.MatAlg.transpose...PASS
Generic.MatAlg.gram...PASS
Generic.MatAlg.tr...PASS
Generic.MatAlg.content...PASS
Generic.MatAlg.lu...PASS
Generic.MatAlg.fflu...PASS
Generic.MatAlg.det...PASS
Generic.MatAlg.rank...PASS
Generic.MatAlg.solve_lu...PASS
Generic.MatAlg.rref...PASS
Test Summary:               | Pass  Total
Generic.MatAlg.inversion... |   98     98
Generic.MatAlg.hessenberg...PASS
Generic.MatAlg.charpoly...PASS
Generic.MatAlg.minpoly...PASS
Generic.MatAlg.row_swapping...PASS
Generic.MatAlg.hnf_kb...PASS
Generic.MatAlg.hnf_cohen...PASS
Generic.MatAlg.hnf...PASS
Generic.MatAlg.snf_kb...PASS
Generic.MatAlg.snf...PASS
Generic.MatAlg.similar...PASS

Generic.NCPoly.constructors...PASS
Generic.NCPoly.manipulation...PASS
Generic.NCPoly.binary_ops...PASS
Generic.NCPoly.adhoc_binary...PASS
Generic.NCPoly.comparison...PASS
Generic.NCPoly.adhoc_comparison...PASS
Generic.NCPoly.unary_ops...PASS
Generic.NCPoly.truncation...PASS
Generic.NCPoly.reverse...PASS
Generic.NCPoly.shift...PASS
Generic.NCPoly.powering...PASS
Generic.NCPoly.exact_division...PASS
Generic.NCPoly.adhoc_exact_division...PASS
Generic.NCPoly.evaluation...PASS
Generic.NCPoly.derivative...PASS

Julia.Integers.constructors...PASS
Julia.Integers.manipulation...PASS
Julia.Integers.modular_arithmetic...PASS
Julia.Integers.exact_division...PASS
Julia.Integers.gcd...PASS
Julia.Integers.square_root...PASS

Generic.Poly.constructors...PASS
Generic.Poly.manipulation...PASS
Generic.Poly.binary_ops...PASS
Generic.Poly.adhoc_binary...PASS
Generic.Poly.comparison...PASS
Generic.Poly.adhoc_comparison...PASS
Generic.Poly.unary_ops...PASS
Generic.Poly.truncation...PASS
Generic.Poly.reverse...PASS
Generic.Poly.shift...PASS
Generic.Poly.powering...PASS
Generic.Poly.exact_division...PASS
Generic.Poly.adhoc_exact_division...PASS
Generic.Poly.euclidean_division...PASS
Generic.Poly.pseudodivision...PASS
Generic.Poly.content_primpart_gcd...PASS
Generic.Poly.evaluation...PASS
Generic.Poly.composition...PASS
Generic.Poly.derivative...PASS
Generic.Poly.integral...PASS
Generic.Poly.sylvester_matrix...PASS
Generic.Poly.resultant...PASS
Generic.Poly.discriminant...PASS
Generic.Poly.resx...PASS
Generic.Poly.gcdx...PASS
Generic.Poly.newton_representation...PASS
Generic.Poly.interpolation...PASS
Generic.Poly.special...PASS
Generic.Poly.mul_karatsuba...PASS
Generic.Poly.mul_ks...PASS
Generic.Poly.generic_eval...PASS
Generic.Poly.remove_valuation...PASS
Generic.Poly.change_base_ring...PASS

Generic.Res.constructors...PASS
Generic.Res.manipulation...PASS
Generic.Res.unary_ops...PASS
Generic.Res.binary_ops...PASS
Generic.Res.gcd...PASS
Generic.Res.adhoc_binary...PASS
Generic.Res.comparison...PASS
Generic.Res.adhoc_comparison...PASS
Generic.Res.powering...PASS
Generic.Res.inversion...PASS
Generic.Res.exact_division...PASS

Generic.ResF.constructors...PASS
Generic.ResF.manipulation...PASS
Generic.ResF.unary_ops...PASS
Generic.ResF.binary_ops...PASS
Generic.ResF.gcd...PASS
Generic.ResF.adhoc_binary...PASS
Generic.ResF.comparison...PASS
Generic.ResF.adhoc_comparison...PASS
Generic.ResF.powering...PASS
Generic.ResF.inversion...PASS
Generic.ResF.exact_division...PASS

Generic.AbsSeries.constructors...PASS
Generic.AbsSeries.manipulation...PASS
Generic.AbsSeries.unary_ops...PASS
Generic.AbsSeries.binary_ops...PASS
Generic.AbsSeries.adhoc_binary_ops...PASS
Generic.AbsSeries.comparison...PASS
Generic.AbsSeries.adhoc_comparison...PASS
Generic.AbsSeries.powering...PASS
Generic.AbsSeries.shift...PASS
Generic.AbsSeries.truncation...PASS
Generic.AbsSeries.exact_division...PASS
Generic.AbsSeries.adhoc_exact_division...PASS
Generic.AbsSeries.inversion...PASS
Generic.AbsSeries.square_root...PASS
Generic.AbsSeries.special_functions...PASS

Generic.RelSeries.constructors...PASS
Generic.RelSeries.manipulation...PASS
Generic.RelSeries.unary_ops...PASS
Generic.RelSeries.binary_ops...PASS
Generic.RelSeries.adhoc_binary_ops...PASS
Generic.RelSeries.comparison...PASS
Generic.RelSeries.adhoc_comparison...PASS
Generic.RelSeries.powering...PASS
Generic.RelSeries.shift...PASS
Generic.RelSeries.truncation...PASS
Generic.RelSeries.exact_division...PASS
Generic.RelSeries.adhoc_exact_division...PASS
Generic.RelSeries.inversion...PASS
Generic.RelSeries.square_root...PASS
Generic.RelSeries.special_functions...PASS

Generic.LaurentSeries.constructors...PASS
Generic.LaurentSeries.manipulation...PASS
Generic.LaurentSeries.unary_ops...PASS
Generic.LaurentSeries.binary_ops...PASS
Generic.LaurentSeries.inplace_binary_ops...PASS
Generic.LaurentSeries.adhoc_binary_ops...PASS
Generic.LaurentSeries.comparison...PASS
Generic.LaurentSeries.adhoc_comparison...PASS
Generic.LaurentSeries.powering...PASS
Generic.LaurentSeries.shift...PASS
Generic.LaurentSeries.truncation...PASS
Generic.LaurentSeries.exact_division...PASS
Generic.LaurentSeries.adhoc_exact_division...PASS
Generic.LaurentSeries.inversion...PASS
Generic.LaurentSeries.square_root...PASS
Generic.LaurentSeries.special_functions...PASS

Generic.PuiseuxSeries.constructors...PASS
Generic.PuiseuxSeries.manipulation...PASS
Generic.PuiseuxSeries.unary_ops...PASS
Generic.PuiseuxSeries.binary_ops...PASS
Generic.PuiseuxSeries.adhoc_binary_ops...PASS
Generic.PuiseuxSeries.comparison...PASS
Generic.PuiseuxSeries.adhoc_comparison...PASS
Generic.PuiseuxSeries.powering...PASS
Generic.PuiseuxSeries.exact_division...PASS
Generic.PuiseuxSeries.adhoc_exact_division...PASS
Generic.PuiseuxSeries.inversion...PASS
Generic.PuiseuxSeries.square_root...PASS
Generic.PuiseuxSeries.special_functions...PASS

Generic.Mat.constructors...PASS
Generic.Mat.size...PASS
Generic.Mat.manipulation...PASS
Generic.Mat.sub...PASS
Generic.Mat.unary_ops...PASS
Generic.Mat.binary_ops...PASS
Generic.Mat.adhoc_binary...PASS
Generic.Mat.permutation...PASS
Generic.Mat.comparison...PASS
Generic.Mat.adhoc_comparison...PASS
Generic.Mat.powering...PASS
Generic.Mat.adhoc_exact_division...PASS
Generic.Mat.transpose...PASS
Generic.Mat.gram...PASS
Generic.Mat.tr...PASS
Generic.Mat.content...PASS
Generic.Mat.lu...PASS
Generic.Mat.fflu...PASS
Generic.Mat.det...PASS
Generic.Mat.rank...PASS
Generic.Mat.solve_lu...PASS
Generic.Mat.solve_rational...PASS
Generic.Mat.solve_left...PASS
Generic.Mat.solve_triu...PASS
Generic.Mat.solve_left_reduced_triu...PASS
Generic.Mat.rref...PASS
Generic.Mat.nullspace...PASS
Generic.Mat.kernel...PASS
Generic.Mat.inversion...PASS
Generic.Mat.hessenberg...PASS
Generic.Mat.kronecker_product...PASS
Generic.Mat.charpoly...PASS
Generic.Mat.minpoly...PASS
Generic.Mat.row_col_swapping...PASS
Generic.Mat.gen_mat_elem_op...PASS
Generic.Mat.concat...PASS
Generic.Mat.hnf_minors...PASS
Generic.Mat.hnf_kb...PASS
Generic.Mat.hnf_cohen...PASS
Generic.Mat.hnf...PASS
Generic.Mat.snf_kb...PASS
Generic.Mat.snf...PASS
Generic.Mat.weak_popov...PASS
Generic.Mat.minors...PASS
Generic.Mat.views...PASS
Generic.Mat.change_base_ring...PASS
Generic.Mat.similar...PASS

Generic.MPoly.constructors...PASS
Generic.MPoly.geobuckets...PASS
Generic.MPoly.manipulation...PASS
Generic.MPoly.multivariate_coeff...PASS
Generic.MPoly.unary_ops...PASS
Generic.MPoly.binary_ops...PASS
Generic.MPoly.adhoc_binary...PASS
Generic.MPoly.adhoc_comparison...PASS
Generic.MPoly.powering...PASS
Generic.MPoly.divides...PASS
Generic.MPoly.euclidean_division...PASS
Generic.MPoly.ideal_reduction...PASS
Generic.MPoly.deflation...PASS
Generic.MPoly.gcd...PASS
Generic.MPoly.evaluation...PASS
Generic.MPoly.valuation...PASS
Generic.MPoly.derivative...PASS
Generic.MPoly.change_base_ring...PASS
Generic.MPoly.total_degree...PASS
Generic.MPoly.vars...PASS
Generic.MPoly.combine_like_terms...PASS
Generic.MPoly.exponents...PASS
Generic.MPoly.to_univariate...PASS
Generic.MPoly.coefficients_of_univariate...PASS
Generic.MPoly.isless...PASS
Generic.MPoly.lc...PASS
Generic.MPoly.lm...PASS
Generic.MPoly.lcm...PASS
Generic.MPoly.ishomogenous...PASS

Generic.Rings.broadcast...PASS
Julia.gfelem.constructors...PASS
Julia.gfelem.printing...PASS
Julia.gfelem.manipulation...PASS
Julia.gfelem.unary_ops...PASS
Julia.gfelem.binary_ops...PASS
Julia.gfelem.adhoc_binary...PASS
Julia.gfelem.powering...PASS
Julia.gfelem.comparison...PASS
Julia.gfelem.adhoc_comparison...PASS
Julia.gfelem.inversion...PASS
Julia.gfelem.exact_division...PASS

Julia.Rationals.constructors...PASS
Julia.Rationals.manipulation...PASS
Julia.Rationals.exact_division...PASS
Julia.Rationals.gcd...PASS
Julia.Rationals.square_root...PASS
Julia.Rationals.divrem...PASS

Julia.Floats.constructors...PASS
Julia.Floats.manipulation...PASS
Julia.Floats.exact_division...PASS
Julia.Float.divrem...PASS
Julia.Floats.gcd...PASS

Generic.Frac.constructors...PASS
Generic.Frac.manipulation...PASS
Generic.Frac.unary_ops...PASS
Generic.Frac.binary_ops...PASS
Generic.Frac.adhoc_binary...PASS
Generic.Frac.comparison...PASS
Generic.Frac.adhoc_comparison...PASS
Generic.Frac.powering...PASS
Generic.Frac.inversion...PASS
Generic.Frac.exact_division...PASS
Generic.Frac.adhoc_exact_division...PASS
Generic.Frac.divides...PASS
Generic.Frac.gcd...PASS

Generic.FreeModule.constructors...PASS
Generic.FreeModule.manipulation...PASS
Generic.FreeModule.unary_ops...PASS
Generic.FreeModule.binary_ops...PASS
Generic.FreeModule.adhoc_binary...PASS

Generic.ModuleHomomorphism.constructors...PASS
Generic.ModuleHomomorphism.kernel...PASS
Generic.ModuleHomomorphism.image...PASS
Generic.ModuleIsomorphism...PASS

Generic.Submodule.constructors...PASS
Generic.Submodule.manipulation...PASS
Generic.Submodule.unary_ops...PASS
Generic.Submodule.binary_ops...PASS
Generic.Submodule.adhoc_binary...PASS
Generic.Submodule.canonical_injection...PASS

Generic.QuotientModule.constructors...PASS
Generic.QuotientModule.manipulation...PASS
Generic.QuotientModule.unary_ops...PASS
Generic.QuotientModule.binary_ops...PASS
Generic.QuotientModule.adhoc_binary...PASS
Generic.QuotientModule.canonical_projection...PASS

Generic.DirectSum.constructors...PASS
Generic.DirectSum.basic_manipulation...PASS
Generic.DirectSum.maps...PASS
Generic.DirectSum.isomorphism...PASS

Generic.Module.manipulation...PASS
Generic.Module.elem_getindex...PASS
Generic.Module.intersection...PASS
Generic.Module.is_isomorphic...PASS
Generic.Module.coercions...PASS

Generic.InvariantFactorDecomposition.constructors...PASS
Generic.InvariantFactorDecomposition.invariant_factors...PASS
Generic.InvariantFactorDecomposition.isomorphism...PASS

Benchmark.fateman...PASS
Benchmark.pearce...PASS

   Testing AbstractAlgebra
    Status `/tmp/tmpqdC4k4/Manifest.toml`
  [c3fe647b] AbstractAlgebra v0.5.4 #master (AbstractAlgebra.jl)
  [2a0f44e3] Base64  [`@stdlib/Base64`]
  [8ba89e20] Distributed  [`@stdlib/Distributed`]
  [b77e0a4c] InteractiveUtils  [`@stdlib/InteractiveUtils`]
  [8f399da3] Libdl  [`@stdlib/Libdl`]
  [37e2e46d] LinearAlgebra  [`@stdlib/LinearAlgebra`]
  [56ddb016] Logging  [`@stdlib/Logging`]
  [d6f4376e] Markdown  [`@stdlib/Markdown`]
  [9a3f8284] Random  [`@stdlib/Random`]
  [9e88b42a] Serialization  [`@stdlib/Serialization`]
  [6462fe0b] Sockets  [`@stdlib/Sockets`]
  [2f01184e] SparseArrays  [`@stdlib/SparseArrays`]
  [8dfed614] Test  [`@stdlib/Test`]
   Testing AbstractAlgebra tests passed 
=== SUCCESS at 2019-09-19 08:05
