=== GAP.jl (meta/tests/test-gapjl.sh) at 2019-09-19 07:28
 ┌───────┐   GAP 4.10dev-2280-g38fbd9f of today
 │  GAP  │   https://www.gap-system.org
 └───────┘   Architecture: x86_64-pc-linux-gnu-julia64-kv7
 Configuration:  gmp 6.1.2, Julia GC, Julia 1.1.2-pre, readline
 Loading the library and packages ...
 Packages:   GAPDoc 1.6.3, PrimGrp 3.3.2, SmallGrp 1.3, TransGrp 2.0.4
 Try '??help' for help. See also '?copyright', '?cite' and '?authors'
Error, List Element: <list>[4] must have an assigned value
Error, 
Adding path /var/jenkins_home/workspace/oscar/gap/.libs to DL_LOAD_PATH
Test Summary: | Pass  Total
basics        |   18     18
Test Summary: | Pass  Total
gapcalls      |   14     14
Test Summary:       | Pass  Total
integer_arithmetics |   21     21
Test Summary:   | Pass  Total
ffe_arithmetics |    8      8
Test Summary: | Pass  Total
object_access |   13     13
Test Summary:               | Pass  Total
LoadPackageAndExposeGlobals |    3      3
Test Summary:       | Pass  Total
conversion from GAP |   66     66
Test Summary:     | Pass  Total
conversion to GAP |   43     43
Test Summary: | Pass  Total
compat        |    5      5
Help: no matching entry found
Test Summary: | Pass  Total
help          |   19     19
   Testing GAP
 Resolving package versions...
    Status `/tmp/tmpbyeoww/Manifest.toml`
  [c863536a] GAP v0.2.1 #master (GAP.jl)
  [cd4130c4] GAPTypes v1.0.0
  [2a0f44e3] Base64  [`@stdlib/Base64`]
  [ade2ca70] Dates  [`@stdlib/Dates`]
  [8ba89e20] Distributed  [`@stdlib/Distributed`]
  [b77e0a4c] InteractiveUtils  [`@stdlib/InteractiveUtils`]
  [76f85450] LibGit2  [`@stdlib/LibGit2`]
  [8f399da3] Libdl  [`@stdlib/Libdl`]
  [56ddb016] Logging  [`@stdlib/Logging`]
  [d6f4376e] Markdown  [`@stdlib/Markdown`]
  [44cfe95a] Pkg  [`@stdlib/Pkg`]
  [de0858da] Printf  [`@stdlib/Printf`]
  [3fa0cd96] REPL  [`@stdlib/REPL`]
  [9a3f8284] Random  [`@stdlib/Random`]
  [ea8e919c] SHA  [`@stdlib/SHA`]
  [9e88b42a] Serialization  [`@stdlib/Serialization`]
  [6462fe0b] Sockets  [`@stdlib/Sockets`]
  [8dfed614] Test  [`@stdlib/Test`]
  [cf7118a7] UUIDs  [`@stdlib/UUIDs`]
  [4ec0a83e] Unicode  [`@stdlib/Unicode`]
   Testing GAP tests passed 
=== SUCCESS at 2019-09-19 07:29
