=== NemoLinearAlgebraForCAP (meta/tests/test-NemoLinearAlgebraForCAP.sh) at 2019-09-19 08:09
gap maketest.g
 ┌───────┐   GAP 4.10dev-2280-g38fbd9f of today
 │  GAP  │   https://www.gap-system.org
 └───────┘   Architecture: x86_64-pc-linux-gnu-julia64-kv7
 Configuration:  gmp 6.1.2, Julia GC, Julia 1.1.2-pre, readline
 Loading the library and packages ...
 Packages:   AClib 1.3.1, Alnuth 3.1.1, AtlasRep 2.1.0, AutoDoc 2019.09.04, 
             AutPGrp 1.10.1, Browse 1.8.8, Carat 2.2.3, CRISP 1.4.4, 
             Cryst 4.1.20, CrystCat 1.1.9, CTblLib 1.2.2, FactInt 1.6.2, 
             FGA 1.4.0, Forms 1.2.5, GAPDoc 1.6.3, genss 1.6.6, IO 4.7.0, 
             IRREDSOL 1.4, LAGUNA 3.9.3, orb 4.8.2, Polenta 1.3.8, 
             Polycyclic 2.14, PrimGrp 3.3.2, RadiRoot 2.8, recog 1.3.2, 
             ResClasses 4.7.2, SmallGrp 1.3, Sophus 1.24, SpinSym 1.5.1, 
             TomLib 1.2.8, TransGrp 2.0.4, utils 0.67
 Try '??help' for help. See also '?copyright', '?cite' and '?authors'
─────────────────────────────────────────────────────────────────────────────
Loading  ToolsForHomalg 2019.06.02 (Provides special methods and knowledge propagation tools)
by Mohamed Barakat (https://mohamed-barakat.github.io),
   Sebastian Gutsche (https://sebasguts.github.io), and
   Markus Lange-Hegermann (http://wwwb.math.rwth-aachen.de/~markus/).
Homepage: https://homalg-project.github.io/homalg_project/ToolsForHomalg/
─────────────────────────────────────────────────────────────────────────────
─────────────────────────────────────────────────────────────────────────────
Loading  CAP 2019.06.07 (Categories, Algorithms, Programming)
by Sebastian Gutsche (http://www.uni-siegen.de/fb6/rmi/),
   Sebastian Posur (https://sebastianpos.github.io), and
   Øystein Skartsæterhagen (http://www.math.ntnu.no/~oysteini/).
Homepage: http://homalg-project.github.io/CAP_project/CAP/
─────────────────────────────────────────────────────────────────────────────
─────────────────────────────────────────────────────────────────────────────
Loading  MatricesForHomalg 2019.08.26 (Lazy evaluated matrices with clever operations for the homalg project)
by Mohamed Barakat (https://mohamed-barakat.github.io),
   Markus Lange-Hegermann (https://www.hs-owl.de/fb5/fachbereich/fachgebiete/md/team/prof-dr-markus-lange-hegermann.html),
   Martin Leuner (http://wwwb.math.rwth-aachen.de/Mitarbeiter/leuner.php), and
   Vinay Wagh (http://www.iitg.ernet.in/vinay.wagh/).
maintained by:
   Mohamed Barakat (https://mohamed-barakat.github.io).
Homepage: https://homalg-project.github.io/homalg_project/MatricesForHomalg/
─────────────────────────────────────────────────────────────────────────────
─────────────────────────────────────────────────────────────────────────────
Loading  HomalgToCAS 2019.06.01 (A window to the outer world)
by Thomas Bächler (http://wwwb.math.rwth-aachen.de/~thomas/),
   Mohamed Barakat (https://mohamed-barakat.github.io),
   Simon Görtzen (https://www.linkedin.com/in/simongoertzen/),
   Sebastian Gutsche (https://sebasguts.github.io), and
   Vinay Wagh (http://www.iitg.ernet.in/vinay.wagh/).
with contributions by:
   Thomas Breuer (http://www.math.rwth-aachen.de/~Thomas.Breuer/) and
   Frank Lübeck (http://www.math.rwth-aachen.de/~Frank.Luebeck/).
maintained by:
   Mohamed Barakat (https://mohamed-barakat.github.io).
Homepage: https://homalg-project.github.io/homalg_project/HomalgToCAS/
─────────────────────────────────────────────────────────────────────────────
─────────────────────────────────────────────────────────────────────────────
Loading  IO_ForHomalg 2019.06.01 (IO capabilities for the homalg project)
by Thomas Bächler (http://wwwb.math.rwth-aachen.de/~thomas/),
   Mohamed Barakat (https://mohamed-barakat.github.io),
   Sebastian Gutsche (https://algebra.mathematik.uni-siegen.de/gutsche/),
   Max Neunhöffer (http://www-groups.mcs.st-and.ac.uk/~neunhoef/), and
   Daniel Robertz (http://wwwb.math.rwth-aachen.de/~daniel/).
maintained by:
   Mohamed Barakat (https://mohamed-barakat.github.io).
Homepage: https://homalg-project.github.io/homalg_project/IO_ForHomalg/
─────────────────────────────────────────────────────────────────────────────
─────────────────────────────────────────────────────────────────────────────
Loading  JuliaInterface 0.2.1 (Test interface to julia)
by Sebastian Gutsche (https://sebasguts.github.io) and
   Max Horn (https://www.quendi.de/math).
(julia version is 1.1.2-pre.0)
Homepage: http://TODO/
─────────────────────────────────────────────────────────────────────────────
#I  The Julia package 'Primes' cannot be loaded.
─────────────────────────────────────────────────────────────────────────────
Loading  RingsForHomalg 2019.06.01 (Dictionaries of external rings for the homalg project)
by Mohamed Barakat (https://mohamed-barakat.github.io),
   Simon Görtzen (https://www.linkedin.com/in/simongoertzen/),
   Markus Kirschmer (http://www.math.rwth-aachen.de/~Markus.Kirschmer/),
   Markus Lange-Hegermann (https://www.hs-owl.de/fb5/fachbereich/fachgebiete/md/team/prof-dr-markus-lange-hegermann.html),
   Oleksandr Motsak (http://www.mathematik.uni-kl.de/~motsak/),
   Daniel Robertz (http://wwwb.math.rwth-aachen.de/~daniel/),
   Hans Schönemann (http://www.mathematik.uni-kl.de/~hannes/),
   Andreas Steenpaß (steenpass@mathematik.uni-kl.de), and
   Vinay Wagh (http://www.iitg.ernet.in/vinay.wagh/).
with contributions by:
   Max Neunhöffer (http://www-groups.mcs.st-and.ac.uk/~neunhoef/).
maintained by:
   Mohamed Barakat (https://mohamed-barakat.github.io).
Homepage: https://homalg-project.github.io/homalg_project/RingsForHomalg/
─────────────────────────────────────────────────────────────────────────────
─────────────────────────────────────────────────────────────────────────────
Loading  JuliaExperimental 0.2.1 (Experimental code for the GAP Julia integration)
by Thomas Breuer (http://www.math.rwth-aachen.de/~Thomas.Breuer) and
   Sebastian Gutsche (https://sebasguts.github.io).
Homepage: http://TODO/
─────────────────────────────────────────────────────────────────────────────
─────────────────────────────────────────────────────────────────────────────
Loading  MonoidalCategories 2019.06.07 (Monoidal and monoidal (co)closed categories)
by Mohamed Barakat (http://algebra.mathematik.uni-siegen.de/barakat/),
   Sebastian Gutsche (http://algebra.mathematik.uni-siegen.de/gutsche/), and
   Sebastian Posur (http://algebra.mathematik.uni-siegen.de/posur/).
Homepage: http://homalg-project.github.io/CAP_project/MonoidalCategories/
─────────────────────────────────────────────────────────────────────────────
─────────────────────────────────────────────────────────────────────────────
Loading  NemoLinearAlgebraForCAP 0.2 (Category of Matrices over a Nemo-Field for CAP)
by Sebastian Posur (https://sebastianpos.github.io).
Homepage: http://TODO/
─────────────────────────────────────────────────────────────────────────────
# Running list 1 . . .

Welcome to Nemo version 0.14.3

Nemo comes with absolutely no warranty whatsoever


Welcome to 

    _    _           _        
   | |  | |         | |       
   | |__| | ___  ___| | _____ 
   |  __  |/ _ \/ __| |/ / _ \
   | |  | |  __/ (__|   <  __/
   |_|  |_|\___|\___|_|\_\___|
    
Version 0.6.5 ... 
 ... which comes with absolutely no warranty whatsoever
(c) 2015-2019 by Claus Fieker, Tommy Hofmann and Carlo Sircana

=== SUCCESS at 2019-09-19 08:09
