=== Nemo.jl (meta/tests/test-nemo.sh) at 2019-09-19 07:29

Welcome to Nemo version 0.14.3

Nemo comes with absolutely no warranty whatsoever

fmpz.abstract_types...PASS
fmpz.constructors...PASS
fmpz.printing...PASS
fmpz.convert...PASS
fmpz.manipulation...PASS
fmpz.binary_ops...PASS
fmpz.division...PASS
fmpz.remainder...PASS
fmpz.exact_division...PASS
fmpz.gcd_lcm...PASS
fmpz.logarithm...PASS
fmpz.adhoc_binary...PASS
fmpz.adhoc_division...PASS
fmpz.shift..PASS
fmpz.powering...PASS
fmpz.comparison...PASS
fmpz.adhoc_comparison...PASS
fmpz.unary_ops...PASS
fmpz.abs...PASS
fmpz.divrem...PASS
fmpz.roots...PASS
fmpz.extended_gcd...PASS
fmpz.bit_twiddling...PASS
fmpz.bases...PASS
fmpz.string_io...PASS
fmpz.modular_arithmetic...PASS
fmpz.factor...PASS
fmpz.number_theoretic...PASS
fmpz.square_root...PASS

fmpz_poly.constructors...PASS
fmpz_poly.printing...PASS
fmpz_poly.manipulation...PASS
fmpz_poly.binary_ops...PASS
fmpz_poly.adhoc_binary...PASS
fmpz_poly.comparison...PASS
fmpz_poly.adhoc_comparison...PASS
fmpz_poly.unary_ops...PASS
fmpz_poly.truncation...PASS
fmpz_poly.reverse...PASS
fmpz_poly.shift...PASS
fmpz_poly.powering...PASS
fmpz_poly.exact_division...PASS
fmpz_poly.adhoc_exact_division...PASS
fmpz_poly.pseudodivision...PASS
fmpz_poly.remove_valuation...PASS
fmpz_poly.content_primpart_gcd...PASS
fmpz_poly.evaluation...PASS
fmpz_poly.composition...PASS
fmpz_poly.derivative...PASS
fmpz_poly.resultant...PASS
fmpz_poly.discriminant...PASS
fmpz_poly.resx...PASS
fmpz_poly.signature...PASS
fmpz_poly.interpolate...PASS
fmpz_poly.factor...PASS
fmpz_poly.square_root...PASS
fmpz_poly.special...PASS

fmpz_mod_poly.constructors...PASS
fmpz_mod_poly.printing...PASS
fmpz_mod_poly.manipulation...PASS
fmpz_mod_poly.binary_ops...PASS
fmpz_mod_poly.adhoc_binary...PASS
fmpz_mod_poly.comparison...PASS
fmpz_mod_poly.adhoc_comparison...PASS
fmpz_mod_poly.unary_ops...PASS
fmpz_mod_poly.truncation...PASS
fmpz_mod_poly.reverse...PASS
fmpz_mod_poly.shift...PASS
fmpz_mod_poly.powering...PASS
fmpz_mod_poly.exact_division...PASS
fmpz_mod_poly.adhoc_exact_division...PASS
fmpz_mod_poly.modular_arithmetic...PASS
fmpz_mod_poly.euclidean_division...PASS
fmpz_mod_poly.gcdinv...PASS
fmpz_mod_poly.evaluation...PASS
fmpz_mod_poly.composition...PASS
fmpz_mod_poly.derivative...PASS
fmpz_mod_poly.integral...PASS
fmpz_mod_poly.resultant...PASS
fmpz_mod_poly.discriminant...PASS
fmpz_mod_poly.lift...PASS
fmpz_mod_poly.isirreducible...PASS
fmpz_mod_poly.issquarefree...PASS
fmpz_mod_poly.factor...PASS
fmpz_mod_poly.remove_valuation...PASS

gfp_fmpz_poly.constructors...PASS
gfp_fmpz_poly.printing...PASS
gfp_fmpz_poly.manipulation...PASS
gfp_fmpz_poly.binary_ops...PASS
gfp_fmpz_poly.adhoc_binary...PASS
gfp_fmpz_poly.comparison...PASS
gfp_fmpz_poly.adhoc_comparison...PASS
gfp_fmpz_poly.unary_ops...PASS
gfp_fmpz_poly.truncation...PASS
gfp_fmpz_poly.reverse...PASS
gfp_fmpz_poly.shift...PASS
gfp_fmpz_poly.powering...PASS
gfp_fmpz_poly.exact_division...PASS
gfp_fmpz_poly.adhoc_exact_division...PASS
gfp_fmpz_poly.modular_arithmetic...PASS
gfp_fmpz_poly.euclidean_division...PASS
gfp_fmpz_poly.gcdinv...PASS
gfp_fmpz_poly.evaluation...PASS
gfp_fmpz_poly.composition...PASS
gfp_fmpz_poly.derivative...PASS
gfp_fmpz_poly.integral...PASS
gfp_fmpz_poly.resultant...PASS
gfp_fmpz_poly.discriminant...PASS
gfp_fmpz_poly.lift...PASS
gfp_fmpz_poly.isirreducible...PASS
gfp_fmpz_poly.issquarefree...PASS
gfp_fmpz_poly.factor...PASS
gfp_fmpz_poly.remove_valuation...PASS

nmod.constructors...PASS
nmod.printing...PASS
nmod.manipulation...PASS
nmod.unary_ops...PASS
nmod.binary_ops...PASS
nmod.adhoc_binary...PASS
nmod.powering...PASS
nmod.comparison...PASS
nmod.adhoc_comparison...PASS
nmod.inversion...PASS
nmod.exact_division...PASS
nmod.gcd...PASS
nmod.gcdx...PASS

fmpz_mod.gcdx...PASS

nmod_poly.constructors...PASS
nmod_poly.printing...PASS
nmod_poly.manipulation...PASS
nmod_poly.unary_ops...PASS
nmod_poly.binary_ops...PASS
nmod_poly.adhoc_binary...PASS
nmod_poly.powering...PASS
nmod_poly.comparison...PASS
nmod_poly.adhoc_comparison...PASS
nmod_poly.truncation...PASS
nmod_poly.mullow...PASS
nmod_poly.reverse...PASS
nmod_poly.shift...PASS
nmod_poly.division...PASS
nmod_poly.adhoc_exact_division...PASS
nmod_poly.gcd...PASS
nmod_poly.modular_arithmetic...PASS
nmod_poly.resultant...PASS
nmod_poly.evaluate...PASS
nmod_poly.derivative...PASS
nmod_poly.integral...PASS
nmod_poly.compose...PASS
nmod_poly.interpolate...PASS
nmod_poly.inflate...PASS
nmod_poly.deflate...PASS
nmod_poly.lifting...PASS
nmod_poly.isirreducible...PASS
nmod_poly.issquarefree...PASS
nmod_poly.factor...PASS
nmod_poly.canonicalization...PASS
nmod_poly.remove_valuation...PASS

gfp_poly.constructors...PASS
gfp_poly.printing...PASS
gfp_poly.manipulation...PASS
gfp_poly.unary_ops...PASS
gfp_poly.binary_ops...PASS
gfp_poly.adhoc_binary...PASS
gfp_poly.powering...PASS
gfp_poly.comparison...PASS
gfp_poly.adhoc_comparison...PASS
gfp_poly.truncation...PASS
gfp_poly.mullow...PASS
gfp_poly.reverse...PASS
gfp_poly.shift...PASS
gfp_poly.division...PASS
gfp_poly.adhoc_exact_division...PASS
gfp_poly.gcd...PASS
gfp_poly.modular_arithmetic...PASS
gfp_poly.resultant...PASS
gfp_poly.evaluate...PASS
gfp_poly.derivative...PASS
gfp_poly.integral...PASS
gfp_poly.compose...PASS
gfp_poly.interpolate...PASS
gfp_poly.inflate...PASS
gfp_poly.deflate...PASS
gfp_poly.lifting...PASS
gfp_poly.isirreducible...PASS
gfp_poly.issquarefree...PASS
gfp_poly.factor...PASS
gfp_poly.canonicalization...PASS
gfp_poly.remove_valuation...PASS

fmpq_poly.constructors...PASS
fmpq_poly.printing...PASS
fmpq_poly.manipulation...PASS
fmpq_poly.binary_ops...PASS
fmpq_poly.adhoc_binary...PASS
fmpq_poly.comparison...PASS
fmpq_poly.adhoc_comparison...PASS
fmpq_poly.unary_ops...PASS
fmpq_poly.truncation...PASS
fmpq_poly.reverse...PASS
fmpq_poly.shift...PASS
fmpq_poly.powering...PASS
fmpq_poly.modular_arithmetic...PASS
fmpq_poly.exact_division...PASS
fmpq_poly.adhoc_exact_division...PASS
fmpq_poly.euclidean_division...PASS
fmpq_poly.content_primpart_gcd...PASS
fmpq_poly.evaluation...PASS
fmpq_poly.composition...PASS
fmpq_poly.derivative...PASS
fmpq_poly.integral...PASS
fmpq_poly.resultant...PASS
fmpq_poly.discriminant...PASS
fmpq_poly.gcdx...PASS
fmpq_poly.factor...PASS
fmpq_poly.signature...PASS
fmpq_poly.special...PASS
fmpq_poly.Polynomials...PASS
fmpq_poly.remove_valuation...PASS

fq_poly.constructors...PASS
fq_poly.printing...PASS
fq_poly.manipulation...PASS
fq_poly.binary_ops...PASS
fq_poly.adhoc_binary...PASS
fq_poly.comparison...PASS
fq_poly.adhoc_comparison...PASS
fq_poly.unary_ops...PASS
fq_poly.truncation...PASS
fq_poly.reverse...PASS
fq_poly.shift...PASS
fq_poly.powering...PASS
fq_poly.modular_arithmetic...PASS
fq_poly.exact_division...PASS
fq_poly.adhoc_exact_division...PASS
fq_poly.euclidean_division...PASS
fq_poly.content_primpart_gcd...PASS
fq_poly.evaluation...PASS
fq_poly.composition...PASS
fq_poly.derivative...PASS
fq_poly.integral...PASS
fq_poly.resultant...PASS
fq_poly.discriminant...PASS
fq_poly.gcdx...PASS
fq_poly.special...PASS
fq_poly.inflation_deflation...PASS
fq_poly.isirreducible...PASS
fq_poly.issquarefree...PASS
fq_poly.factor...PASS
fq_poly.remove_valuation...PASS

fq_nmod_poly.constructors...PASS
fq_nmod_poly.printing...PASS
fq_nmod_poly.manipulation...PASS
fq_nmod_poly.binary_ops...PASS
fq_nmod_poly.adhoc_binary...PASS
fq_nmod_poly.comparison...PASS
fq_nmod_poly.adhoc_comparison...PASS
fq_nmod_poly.unary_ops...PASS
fq_nmod_poly.truncation...PASS
fq_nmod_poly.reverse...PASS
fq_nmod_poly.shift...PASS
fq_nmod_poly.powering...PASS
fq_nmod_poly.modular_arithmetic...PASS
fq_nmod_poly.exact_division...PASS
fq_nmod_poly.adhoc_exact_division...PASS
fq_nmod_poly.euclidean_division...PASS
fq_nmod_poly.content_primpart_gcd...PASS
fq_nmod_poly.evaluation...PASS
fq_nmod_poly.composition...PASS
fq_nmod_poly.derivative...PASS
fq_nmod_poly.integral...PASS
fq_nmod_poly.resultant...PASS
fq_nmod_poly.discriminant...PASS
fq_nmod_poly.gcdx...PASS
fq_nmod_poly.special...PASS
fq_nmod_poly.inflation_deflation...PASS
fq_nmod_poly.isirreducible...PASS
fq_nmod_poly.issquarefree...PASS
fq_nmod_poly.factor...PASS
fq_nmod_poly.remove_valuation...PASS

fmpz_abs_series.constructors...PASS
fmpz_abs_series.printing...PASS
fmpz_abs_series.manipulation...PASS
fmpz_abs_series.unary_ops...PASS
fmpz_abs_series.binary_ops...PASS
fmpz_abs_series.adhoc_binary_ops...PASS
fmpz_abs_series.comparison...PASS
fmpz_abs_series.adhoc_comparison...PASS
fmpz_abs_series.powering...PASS
fmpz_abs_series.shift...PASS
fmpz_abs_series.truncation...PASS
fmpz_abs_series.exact_division...PASS
fmpz_abs_series.inversion...PASS
fmpz_abs_series.square_root...PASS

fmpz_rel_series.constructors...PASS
fmpz_rel_series.printing...PASS
fmpz_rel_series.manipulation...PASS
fmpz_rel_series.unary_ops...PASS
fmpz_rel_series.binary_ops...PASS
fmpz_rel_series.adhoc_binary_ops...PASS
fmpz_rel_series.comparison...PASS
fmpz_rel_series.adhoc_comparison...PASS
fmpz_rel_series.powering...PASS
fmpz_rel_series.shift...PASS
fmpz_rel_series.truncation...PASS
fmpz_rel_series.exact_division...PASS
fmpz_rel_series.inversion...PASS
fmpz_rel_series.square_root...PASS

fmpz_laurent_series.constructors...PASS
fmpz_laurent_series.manipulation...PASS
fmpz_laurent_series.unary_ops...PASS
fmpz_laurent_series.binary_ops...PASS
fmpz_laurent_series.adhoc_binary_ops...PASS
fmpz_laurent_series.comparison...PASS
fmpz_laurent_series.adhoc_comparison...PASS
fmpz_laurent_series.powering...PASS
fmpz_laurent_series.shift...PASS
fmpz_laurent_series.truncation...PASS
fmpz_laurent_series.exact_division...PASS
fmpz_laurent_series.adhoc_exact_division...PASS
fmpz_laurent_series.inversion...PASS
fmpz_laurent_series.square_root...PASS
fmpz_laurent_series.special_functions...PASS

fmpz_puiseux_series.constructors...PASS
fmpz_puiseux_series.manipulation...PASS
fmpz_puiseux_series.unary_ops...PASS
fmpz_puiseux_series.binary_ops...PASS
fmpz_puiseux_series.adhoc_binary_ops...PASS
fmpz_puiseux_series.comparison...PASS
fmpz_puiseux_series.adhoc_comparison...PASS
fmpz_puiseux_series.powering...PASS
fmpz_puiseux_series.exact_division...PASS
fmpz_puiseux_series.adhoc_exact_division...PASS
fmpz_puiseux_series.inversion...PASS
fmpz_puiseux_series.square_root...PASS
fmpz_puiseux_series.special_functions...PASS

fmpq_abs_series.constructors...PASS
fmpq_abs_series.printing...PASS
fmpq_abs_series.manipulation...PASS
fmpq_abs_series.unary_ops...PASS
fmpq_abs_series.binary_ops...PASS
fmpq_abs_series.adhoc_binary_ops...PASS
fmpq_abs_series.comparison...PASS
fmpq_abs_series.adhoc_comparison...PASS
fmpq_abs_series.powering...PASS
fmpq_abs_series.shift...PASS
fmpq_abs_series.truncation...PASS
fmpq_abs_series.exact_division...PASS
fmpq_abs_series.inversion...PASS
fmpq_abs_series.special...PASS

fmpq_rel_series.constructors...PASS
fmpq_rel_series.printing...PASS
fmpq_rel_series.manipulation...PASS
fmpq_rel_series.unary_ops...PASS
fmpq_rel_series.binary_ops...PASS
fmpq_rel_series.adhoc_binary_ops...PASS
fmpq_rel_series.comparison...PASS
fmpq_rel_series.adhoc_comparison...PASS
fmpq_rel_series.powering...PASS
fmpq_rel_series.shift...PASS
fmpq_rel_series.truncation...PASS
fmpq_rel_series.exact_division...PASS
fmpq_rel_series.adhoc_exact_division...PASS
fmpq_rel_series.inversion...PASS
fmpq_rel_series.special...PASS

fmpz_mod_abs_series.constructors...PASS
fmpz_mod_abs_series.printing...PASS
fmpz_mod_abs_series.manipulation...PASS
fmpz_mod_abs_series.unary_ops...PASS
fmpz_mod_abs_series.binary_ops...PASS
fmpz_mod_abs_series.adhoc_binary_ops...PASS
fmpz_mod_abs_series.comparison...PASS
fmpz_mod_abs_series.adhoc_comparison...PASS
fmpz_mod_abs_series.powering...PASS
fmpz_mod_abs_series.shift...PASS
fmpz_mod_abs_series.truncation...PASS
fmpz_mod_abs_series.exact_division...PASS
fmpz_mod_abs_series.inversion...PASS

nmod_rel_series.constructors...PASS
nmod_rel_series.printing...PASS
nmod_rel_series.manipulation...PASS
nmod_rel_series.unary_ops...PASS
nmod_rel_series.binary_ops...PASS
nmod_rel_series.adhoc_binary_ops...PASS
nmod_rel_series.comparison...PASS
nmod_rel_series.adhoc_comparison...PASS
nmod_rel_series.powering...PASS
nmod_rel_series.shift...PASS
nmod_rel_series.truncation...PASS
nmod_rel_series.exact_division...PASS
nmod_rel_series.adhoc_exact_division...PASS
nmod_rel_series.inversion...PASS
nmod_rel_series.special_functions...PASS

fmpz_mod_rel_series.constructors...PASS
fmpz_mod_rel_series.printing...PASS
fmpz_mod_rel_series.manipulation...PASS
fmpz_mod_rel_series.unary_ops...PASS
fmpz_mod_rel_series.binary_ops...PASS
fmpz_mod_rel_series.adhoc_binary_ops...PASS
fmpz_mod_rel_series.comparison...PASS
fmpz_mod_rel_series.adhoc_comparison...PASS
fmpz_mod_rel_series.powering...PASS
fmpz_mod_rel_series.shift...PASS
fmpz_mod_rel_series.truncation...PASS
fmpz_mod_rel_series.exact_division...PASS
fmpz_mod_rel_series.adhoc_exact_division...PASS
fmpz_mod_rel_series.inversion...PASS
fmpz_mod_rel_series.special_functions...PASS

fq_abs_series.constructors...PASS
fq_abs_series.printing...PASS
fq_abs_series.manipulation...PASS
fq_abs_series.unary_ops...PASS
fq_abs_series.binary_ops...PASS
fq_abs_series.adhoc_binary_ops...PASS
fq_abs_series.comparison...PASS
fq_abs_series.adhoc_comparison...PASS
fq_abs_series.powering...PASS
fq_abs_series.shift...PASS
fq_abs_series.truncation...PASS
fq_abs_series.exact_division...PASS
fq_abs_series.inversion...PASS

fq_rel_series.constructors...PASS
fq_rel_series.printing...PASS
fq_rel_series.manipulation...PASS
fq_rel_series.unary_ops...PASS
fq_rel_series.binary_ops...PASS
fq_rel_series.adhoc_binary_ops...PASS
fq_rel_series.comparison...PASS
fq_rel_series.adhoc_comparison...PASS
fq_rel_series.powering...PASS
fq_rel_series.shift...PASS
fq_rel_series.truncation...PASS
fq_rel_series.exact_division...PASS
fq_rel_series.adhoc_exact_division...PASS
fq_rel_series.inversion...PASS
fq_rel_series.special_functions...PASS

fq_nmod_rel_series.constructors...PASS
fq_nmod_rel_series.printing...PASS
fq_nmod_rel_series.manipulation...PASS
fq_nmod_rel_series.unary_ops...PASS
fq_nmod_rel_series.binary_ops...PASS
fq_nmod_rel_series.adhoc_binary_ops...PASS
fq_nmod_rel_series.comparison...PASS
fq_nmod_rel_series.adhoc_comparison...PASS
fq_nmod_rel_series.powering...PASS
fq_nmod_rel_series.shift...PASS
fq_nmod_rel_series.truncation...PASS
fq_nmod_rel_series.exact_division...PASS
fq_nmod_rel_series.adhoc_exact_division...PASS
fq_nmod_rel_series.inversion...PASS
fq_nmod_rel_series.special_functions...PASS

fq_nmod_abs_series.constructors...PASS
fq_nmod_abs_series.printing...PASS
fq_nmod_abs_series.manipulation...PASS
fq_nmod_abs_series.unary_ops...PASS
fq_nmod_abs_series.binary_ops...PASS
fq_nmod_abs_series.adhoc_binary_ops...PASS
fq_nmod_abs_series.comparison...PASS
fq_nmod_abs_series.adhoc_comparison...PASS
fq_nmod_abs_series.powering...PASS
fq_nmod_abs_series.shift...PASS
fq_nmod_abs_series.truncation...PASS
fq_nmod_abs_series.exact_division...PASS
fq_nmod_abs_series.inversion...PASS

arb_poly.constructors...PASS
arb_poly.printing...PASS
arb_poly.manipulation...PASS
arb_poly.binary_ops...PASS
arb_poly.adhoc_binary...PASS
arb_poly.comparison...PASS
arb_poly.adhoc_comparison...PASS
arb_poly.unary_ops...PASS
arb_poly.truncation...PASS
arb_poly.reverse...PASS
arb_poly.shift...PASS
arb_poly.powering...PASS
arb_poly.exact_division...PASS
arb_poly_scalar_division...PASS
arb_poly.evaluation...PASS
arb_poly.composition...PASS
arb_poly.derivative_integral...PASS
arb_poly.evaluation_interpolation...PASS
arb_poly.root_bound...PASS

acb_poly.constructors...PASS
acb_poly.constructors...PASS
acb_poly.manipulation...PASS
acb_poly.binary_ops...PASS
acb_poly.adhoc_binary...PASS
acb_poly.comparison...PASS
acb_poly.adhoc_comparison...PASS
acb_poly.unary_ops...PASS
acb_poly.truncation...PASS
acb_poly.reverse...PASS
acb_poly.shift...PASS
acb_poly.powering...PASS
acb_poly.exact_division...PASS
acb_poly.scalar_division...PASS
acb_poly.evaluation...PASS
acb_poly.roots...PASS
acb_poly.composition...PASS
acb_poly.derivative_integral...PASS
acb_poly.evaluation_interpolation...PASS
acb_poly.root_bound...PASS

nmod_mat.constructors...PASS
nmod_mat.printing...PASS
nmod_mat.manipulation...PASS
nmod_mat.unary_ops...PASS
nmod_mat.binary_ops...PASS
nmod_mat.row_col_swapping...PASS
nmod_mat.adhoc_binary...PASS
nmod_mat.comparison...PASS
nmod_mat.comparison...PASS
nmod_mat.powering...PASS
nmod_mat.row_echelon_form...PASS
nmod_mat.howell_form...PASS
nmod_mat.trace_det...PASS
nmod_mat.rank...PASS
nmod_mat.inv...PASS
nmod_mat.lu...PASS
nmod_mat.swap_rows...PASS
nmod_mat.view...PASS
nmod_mat.sub...PASS
nmod_mat.concatenation...PASS
nmod_mat.conversion...PASS
nmod_mat.charpoly...PASS

gfp_mat.constructors...PASS
gfp_mat.printing...PASS
gfp_mat.manipulation...PASS
gfp_mat.unary_ops...PASS
gfp_mat.binary_ops...PASS
gfp_mat.row_col_swapping...PASS
gfp_mat.adhoc_binary...PASS
gfp_mat.comparison...PASS
gfp_mat.comparison...PASS
gfp_mat.powering...PASS
gfp_mat.row_echelon_form...PASS
gfp_mat.howell_form...PASS
gfp_mat.trace_det...PASS
gfp_mat.rank...PASS
gfp_mat.inv...PASS
gfp_mat.lu...PASS
gfp_mat.view...PASS
gfp_mat.swap_rows...PASS
gfp_mat.sub...PASS
gfp_mat.concatenation...PASS
gfp_mat.conversion...PASS
gfp_mat.charpoly...PASS

fq_mat.constructors...PASS
fq_mat.printing...PASS
fq_mat.manipulation...PASS
fq_mat.unary_ops...PASS
fq_mat.binary_ops...PASS
fq_mat.row_col_swapping...PASS
fq_mat.adhoc_binary...PASS
fq_mat.comparison...PASS
fq_mat.comparison...PASS
fq_mat.powering...PASS
fq_mat.row_echelon_form...PASS
fq_mat.trace_det...PASS
fq_mat.rank...PASS
fq_mat.inv...PASS
fq_mat.lu...PASS
fq_mat.view...PASS
fq_mat.concatenation...PASS
fq_mat.conversion...PASS
fq_mat.charpoly...PASS

fq_nmod_mat.constructors...PASS
fq_nmod_mat.printing...PASS
fq_nmod_mat.manipulation...PASS
fq_nmod_mat.unary_ops...PASS
fq_nmod_mat.binary_ops...PASS
fq_nmod_mat.row_col_swapping...PASS
fq_nmod_mat.adhoc_binary...PASS
fq_nmod_mat.comparison...PASS
fq_nmod_mat.comparison...PASS
fq_nmod_mat.powering...PASS
fq_nmod_mat.row_echelon_form...PASS
fq_nmod_mat.trace_det...PASS
fq_nmod_mat.rank...PASS
fq_nmod_mat.inv...PASS
fq_nmod_mat.lu...PASS
fq_nmod_mat.view...PASS
fq_nmod_mat.concatenation...PASS
fq_nmod_mat.conversion...PASS
fq_nmod_mat.charpoly...PASS

fmpz_mat.constructors...PASS
fmpz_mat.printing...PASS
fmpz_mat.convert...PASS
fmpz_mat.manipulation...PASS
fmpz_mat.view...PASS
fmpz_mat.sub...PASS
fmpz_mat.unary_ops...PASS
fmpz_mat.binary_ops...PASS
fmpz_mat.adhoc_binary...PASS
fmpz_mat.kronecker_product...PASS
fmpz_mat.comparison...PASS
fmpz_mat.adhoc_comparison...PASS
fmpz_mat.powering...PASS
fmpz_mat.adhoc_exact_division...PASS
fmpz_mat.gram...PASS
fmpz_mat.trace...PASS
fmpz_mat.content...PASS
fmpz_mat.transpose...PASS
fmpz_mat.row_col_swapping...PASS
fmpz_mat.scaling...PASS
fmpz_mat.inversion...PASS
fmpz_mat.pseudo_inversion...PASS
fmpz_mat.exact_division...PASS
fmpz_mat.modular_reduction...PASS
fmpz_mat.det...PASS
fmpz_mat.hadamard...PASS
fmpz_mat.hnf...PASS
fmpz_mat.lll...PASS
fmpz_mat.nullspace...PASS
fmpz_mat.rank...PASS
fmpz_mat.rref...PASS
fmpz_mat.snf...PASS
fmpz_mat.solve_rational...PASS
fmpz_mat.solve...PASS
fmpz_mat.concat...PASS

fmpq_mat.constructors...PASS
fmpq_mat.printing...PASS
fmpq_mat.manipulation...PASS
fmpq_mat.view...PASS
fmpq_mat.sub...PASS
fmpq_mat.unary_ops...PASS
fmpq_mat.binary_ops...PASS
fmpq_mat.adhoc_binary...PASS
fmpq_mat.kronecker_product...PASS
fmpq_mat.comparison...PASS
fmpq_mat.adhoc_comparison...PASS
fmpq_mat.powering...PASS
fmpq_mat.adhoc_exact_division...PASS
fmpq_mat.gso...PASS
fmpq_mat.trace...PASS
fmpq_mat.transpose...PASS
fmpq_mat.row_col_swapping...PASS
fmpq_mat.inversion...PASS
fmpq_mat.exact_division...PASS
fmpq_mat.det...PASS
fmpq_mat.hilbert...PASS
fmpq_mat.nullspace...PASS
fmpq_mat.rank...PASS
fmpq_mat.rref...PASS
fmpq_mat.solve...PASS
fmpq_mat.concat...PASS
fmpq_mat.charpoly...PASS
fmpq_mat.minpoly...PASS

arb_mat.constructors...PASS
arb_mat.printing...PASS
arb_mat.manipulation...PASS
arb_mat.unary_ops...PASS
arb_mat.transpose...PASS
arb_mat.binary_ops...PASS
arb_mat.adhoc_binary...PASS
arb_mat.shifting...PASS
arb_mat.comparison...PASS
arb_mat.adhoc_comparison...PASS
arb_mat.inversion...PASS
arb_mat.divexact...PASS
arb_mat.adhoc_divexact...PASS
arb_mat.charpoly...PASS
arb_mat.det...PASS
arb_mat.exp...PASS
arb_mat.linear_solving...PASS
arb_mat.bound_inf_norm...PASS

acb_mat.constructors...PASS
acb_mat.printing...PASS
acb_mat.manipulation...PASS
acb_mat.unary_ops...PASS
acb_mat.transpose...PASS
acb_mat.binary_ops...PASS
acb_mat.adhoc_binary...PASS
acb_mat.shifting...PASS
acb_mat.comparison...PASS
acb_mat.adhoc_comparison...PASS
acb_mat.predicates...PASS
acb_mat.inversion...PASS
acb_mat.divexact...PASS
acb_mat.adhoc_divexact...PASS
acb_mat.charpoly...PASS
acb_mat.det...PASS
acb_mat.exp...PASS
acb_mat.linear_solving...PASS
acb_mat.bound_inf_norm...PASS
acb_mat.eigvals...PASS

fmpz_mpoly.constructors...PASS
fmpz_mpoly.manipulation...PASS
fmpz_mpoly.multivariate_coeff...PASS
fmpz_mpoly.unary_ops...PASS
fmpz_mpoly.binary_ops...PASS
fmpz_mpoly.adhoc_binary...PASS
fmpz_mpoly.adhoc_comparison...PASS
fmpz_mpoly.powering...PASS
fmpz_mpoly.divides...PASS
fmpz_mpoly.euclidean_division...PASS
fmpz_mpoly.ideal_reduction...PASS
fmpz_mpoly.gcd...PASS
fmpz_mpoly.evaluation...PASS
fmpz_mpoly.valuation...PASS
fmpz_mpoly.derivative...PASS
fmpz_mpoly.combine_like_terms...PASS
fmpz_mpoly.exponents...PASS

fmpq_mpoly.constructors...PASS
fmpq_mpoly.manipulation...PASS
fmpq_mpoly.multivariate_coeff...PASS
fmpq_mpoly.unary_ops...PASS
fmpq_mpoly.binary_ops...PASS
fmpq_mpoly.adhoc_binary...PASS
fmpq_mpoly.adhoc_comparison...PASS
fmpq_mpoly.powering...PASS
fmpq_mpoly.divides...PASS
fmpq_mpoly.euclidean_division...PASS
fmpq_mpoly.ideal_reduction...PASS
fmpq_mpoly.gcd...PASS
fmpq_mpoly.evaluation...PASS
fmpq_mpoly.valuation...PASS
fmpq_mpoly.derivative_integral...PASS
fmpq_mpoly.combine_like_terms...PASS
fmpq_mpoly.exponents...PASS

nmod_mpoly.constructors...PASS
nmod_mpoly.manipulation...PASS
nmod_mpoly.multivariate_coeff...PASS
nmod_mpoly.unary_ops...PASS
nmod_mpoly.binary_ops...PASS
nmod_mpoly.adhoc_binary...PASS
nmod_mpoly.adhoc_comparison...PASS
nmod_mpoly.powering...PASS
nmod_mpoly.divides...PASS
nmod_mpoly.euclidean_division...PASS
nmod_mpoly.ideal_reduction...PASS
nmod_mpoly.gcd...PASS
nmod_mpoly.evaluation...PASS
nmod_mpoly.valuation...PASS
nmod_mpoly.derivative...PASS
nmod_mpoly.combine_like_terms...PASS
nmod_mpoly.exponents...PASS

arb.constructors...PASS
arb.printing...PASS
arb.basic_ops...PASS
arb.comparison...PASS
arb.adhoc_comparison...PASS
arb.predicates...PASS
arb.parts...PASS
arb.unary_ops...PASS
arb.binary_ops...PASS
arb.misc_ops...PASS
arb.unsafe_ops...PASS
arb.constants...PASS
arb.functions...PASS
fmpq.arb_special_functions...PASS
arb.lindep...PASS

acb.constructors...PASS
acb.printing...PASS
acb.basic_ops...PASS
acb.comparison...PASS
acb.predicates...PASS
acb.unary_ops...PASS
acb.binary_ops...PASS
acb.misc_ops...PASS
acb.unsafe_ops...PASS
acb.constants...PASS
acb.functions...PASS
acb.lindep...PASS
acb.integration...PASS

fmpq.constructors...PASS
fmpq.constructors...PASS
fmpq.conversions...PASS
fmpq.manipulation...PASS
fmpq.unary_ops...PASS
fmpq.binary_ops...PASS
fmpq.adhoc_binary...PASS
fmpq.comparison...PASS
fmpq.adhoc_comparison...PASS
fmpq.shifting...PASS
fmpq.powering...PASS
fmpq.inversion...PASS
fmpq.exact_division...PASS
fmpq.adhoc_exact_division...PASS
fmpq.modular_arithmetic...PASS
fmpq.gcd...PASS
fmpq.square_root...PASS
fmpq.rational_reconstruction...PASS
fmpq.rational_enumeration...PASS
fmpq.special_functions...PASS
fmpq.adhoc_remove_valuation...PASS

gfp.constructors...PASS
gfp.printing...PASS
gfp.manipulation...PASS
gfp.unary_ops...PASS
gfp.binary_ops...PASS
gfp.adhoc_binary...PASS
gfp.powering...PASS
gfp.comparison...PASS
gfp.adhoc_comparison...PASS
gfp.inversion...PASS
gfp.exact_division...PASS

fq.constructors...PASS
fq.printing...PASS
fq.manipulation...PASS
fq.unary_ops...PASS
fq.binary_ops...PASS
fq.adhoc_binary...PASS
fq.powering...PASS
fq.comparison...PASS
fq.inversion...PASS
fq.exact_division...PASS
fq.gcd...PASS
fq.special_functions...PASS
fq.rand...PASS

fq_nmod.constructors...PASS
fq_nmod.printing...PASS
fq_nmod.manipulation...PASS
fq_nmod.unary_ops...PASS
fq_nmod.binary_ops...PASS
fq_nmod.adhoc_binary...PASS
fq_nmod.powering...PASS
fq_nmod.comparison...PASS
fq_nmod.inversion...PASS
fq_nmod.exact_division...PASS
fq_nmod.gcd...PASS
fq_nmod.special_functions...PASS

padic.constructors...PASS
padic.constructors...PASS
padic.manipulation...PASS
padic.unary_ops...PASS
padic.binary_ops...PASS
padic.adhoc_binary...PASS
padic.comparison...PASS
padic.adhoc_comparison...PASS
padic.powering...PASS
padic.inversion...PASS
padic.exact_division...PASS
padic.adhoc_exact_division...PASS
padic.divides...PASS
padic.adhoc_gcd...PASS
padic.square_root...PASS
padic.special_functions...PASS

qadic.constructors...PASS
qadic.printing...PASS
qadic.manipulation...PASS
qadic.unary_ops...PASS
qadic.binary_ops...PASS
qadic.adhoc_binary...PASS
qadic.comparison...PASS
qadic.adhoc_comparison...PASS
qadic.powering...PASS
qadic.inversion...PASS
qadic.exact_division...PASS
qadic.adhoc_exact_division...PASS
qadic.divides...PASS
qadic.adhoc_gcd...PASS
qadic.square_root...PASS
qadic.special_functions...PASS

nf_elem.accessors...PASS
nf_elem.constructors...PASS
nf_elem.constructors...PASS
nf_elem.fmpz_mat_conversions...PASS
nf_elem.fmpq_poly_conversion...PASS
nf_elem.denominator...PASS
nf_elem.conversions...PASS
nf_elem.manipulation...PASS
nf_elem.unary_ops...PASS
nf_elem.binary_ops...PASS
nf_elem.adhoc_binary...PASS
nf_elem.powering...PASS
nf_elem.comparison...PASS
nf_elem.adhoc_comparison...PASS
nf_elem.inversion...PASS
nf_elem.exact_division...PASS
nf_elem.adhoc_exact_division...PASS
nf_elem.divides...PASS
nf_elem.norm_trace...PASS
nf_elem.representation_matrix...PASS
nf_elem.Polynomials...PASS

Poly.binary_ops_delayed_reduction...PASS
Poly.truncation_delayed_reduction...PASS

MPoly.binary_ops_delayed_reduction...PASS
MPoly.powering_delayed_reduction...PASS
MPoly.divides_delayed_reduction...PASS
MPoly.euclidean_division_delayed_reduction...PASS

Matrix.binary_ops_delayed_reduction...PASS
Matrix.lu_delayed_reduction...PASS
Matrix.fflu_delayed_reduction...PASS
Matrix.minpoly_delayed_reduction...PASS
Matrix.solve_fflu_delayed_reduction...PASS
Matrix.solve_lu_delayed_reduction...PASS
Matrix.solve_triu_delayed_reduction...PASS
Matrix.charpoly_delayed_reduction...PASS
Matrix.hnf_delayed_reduction...PASS
Matrix.snf_delayed_reduction...PASS

Benchmark.resultant...PASS
Benchmark.fateman...PASS
Benchmark.pearce...PASS
Benchmark.poly_nf_elem...PASS

   Testing Nemo
    Status `/tmp/tmplDQ9qW/Manifest.toml`
  [c3fe647b] AbstractAlgebra v0.5.4 #master (AbstractAlgebra.jl)
  [b99e7846] BinaryProvider v0.5.6
  [2edaba10] Nemo v0.14.3 #master (Nemo.jl)
  [2a0f44e3] Base64  [`@stdlib/Base64`]
  [8ba89e20] Distributed  [`@stdlib/Distributed`]
  [b77e0a4c] InteractiveUtils  [`@stdlib/InteractiveUtils`]
  [8f399da3] Libdl  [`@stdlib/Libdl`]
  [37e2e46d] LinearAlgebra  [`@stdlib/LinearAlgebra`]
  [56ddb016] Logging  [`@stdlib/Logging`]
  [d6f4376e] Markdown  [`@stdlib/Markdown`]
  [9a3f8284] Random  [`@stdlib/Random`]
  [ea8e919c] SHA  [`@stdlib/SHA`]
  [9e88b42a] Serialization  [`@stdlib/Serialization`]
  [6462fe0b] Sockets  [`@stdlib/Sockets`]
  [2f01184e] SparseArrays  [`@stdlib/SparseArrays`]
  [8dfed614] Test  [`@stdlib/Test`]
   Testing Nemo tests passed 
=== SUCCESS at 2019-09-19 07:32
